#
# There is insufficient memory for the Java Runtime Environment to continue.
# Native memory allocation (malloc) failed to allocate 1066256 bytes for Chunk::new
# Possible reasons:
#   The system is out of physical RAM or swap space
#   The process is running with CompressedOops enabled, and the Java Heap may be blocking the growth of the native heap
# Possible solutions:
#   Reduce memory load on the system
#   Increase physical memory or swap space
#   Check if swap backing store is full
#   Decrease Java heap size (-Xmx/-Xms)
#   Decrease number of Java threads
#   Decrease Java thread stack sizes (-Xss)
#   Set larger code cache with -XX:ReservedCodeCacheSize=
#   JVM is running with Unscaled Compressed Oops mode in which the Java heap is
#     placed in the first 4GB address space. The Java Heap base address is the
#     maximum limit for the native heap growth. Please use -XX:HeapBaseMinAddress
#     to set the Java Heap base and to place the Java Heap above 4GB virtual address.
# This output file may be truncated or incomplete.
#
#  Out of Memory Error (allocation.cpp:390), pid=11608, tid=0x0000000000005078
#
# JRE version: Java(TM) SE Runtime Environment (8.0_201-b09) (build 1.8.0_201-b09)
# Java VM: Java HotSpot(TM) 64-Bit Server VM (25.201-b09 mixed mode windows-amd64 compressed oops)
# Failed to write core dump. Minidumps are not enabled by default on client versions of Windows
#

---------------  T H R E A D  ---------------

Current thread (0x0000000019b87000):  JavaThread "C2 CompilerThread2" daemon [_thread_in_native, id=20600, stack(0x000000001a540000,0x000000001a640000)]

Stack: [0x000000001a540000,0x000000001a640000]
[error occurred during error reporting (printing stack bounds), id 0xc0000005]

Native frames: (J=compiled Java code, j=interpreted, Vv=VM code, C=native code)


Current CompileTask:
C2:   4148 3850   !   4       org.springframework.core.annotation.AnnotatedElementUtils::searchWithFindSemantics (774 bytes)


---------------  P R O C E S S  ---------------

Java Threads: ( => current thread )
  0x0000000019b9c800 JavaThread "Live Reload Server" daemon [_thread_in_native, id=11544, stack(0x0000000023580000,0x0000000023680000)]
  0x0000000019b9c000 JavaThread "HikariPool-1 connection adder" daemon [_thread_blocked, id=3296, stack(0x0000000022880000,0x0000000022980000)]
  0x0000000019b99800 JavaThread "HikariPool-1 housekeeper" daemon [_thread_blocked, id=1296, stack(0x0000000022780000,0x0000000022880000)]
  0x0000000019ba0800 JavaThread "mysql-cj-abandoned-connection-cleanup" daemon [_thread_blocked, id=20952, stack(0x0000000021280000,0x0000000021380000)]
  0x0000000019b9b000 JavaThread "container-0" [_thread_blocked, id=18784, stack(0x0000000021180000,0x0000000021280000)]
  0x0000000019b9f800 JavaThread "Catalina-utility-2" [_thread_blocked, id=4592, stack(0x0000000021080000,0x0000000021180000)]
  0x0000000019b9a800 JavaThread "Catalina-utility-1" [_thread_blocked, id=2700, stack(0x0000000020910000,0x0000000020a10000)]
  0x000000001afff000 JavaThread "restartedMain" [_thread_in_native, id=360, stack(0x000000001b380000,0x000000001b480000)]
  0x000000001affb800 JavaThread "Thread-0" [_thread_blocked, id=10436, stack(0x000000001b280000,0x000000001b380000)]
  0x0000000019c2d800 JavaThread "Service Thread" daemon [_thread_blocked, id=3460, stack(0x000000001a740000,0x000000001a840000)]
  0x0000000019b9e000 JavaThread "C1 CompilerThread3" daemon [_thread_blocked, id=13032, stack(0x000000001a640000,0x000000001a740000)]
=>0x0000000019b87000 JavaThread "C2 CompilerThread2" daemon [_thread_in_native, id=20600, stack(0x000000001a540000,0x000000001a640000)]
  0x0000000019b83800 JavaThread "C2 CompilerThread1" daemon [_thread_blocked, id=17600, stack(0x000000001a440000,0x000000001a540000)]
  0x0000000019b80800 JavaThread "C2 CompilerThread0" daemon [_thread_in_native, id=19444, stack(0x000000001a340000,0x000000001a440000)]
  0x0000000019b7f000 JavaThread "Attach Listener" daemon [_thread_blocked, id=13980, stack(0x000000001a240000,0x000000001a340000)]
  0x0000000019b7e000 JavaThread "Signal Dispatcher" daemon [_thread_blocked, id=21328, stack(0x000000001a140000,0x000000001a240000)]
  0x0000000019b70800 JavaThread "Finalizer" daemon [_thread_blocked, id=18052, stack(0x0000000019f50000,0x000000001a050000)]
  0x0000000002c8c000 JavaThread "Reference Handler" daemon [_thread_blocked, id=10668, stack(0x0000000019a50000,0x0000000019b50000)]
  0x0000000002b95000 JavaThread "main" [_thread_blocked, id=20664, stack(0x0000000002a90000,0x0000000002b90000)]

Other Threads:
  0x0000000017c79000 VMThread [stack: 0x0000000019950000,0x0000000019a50000] [id=17172]
  0x0000000019c3f000 WatcherThread [stack: 0x000000001a840000,0x000000001a940000] [id=11364]

VM state:not at safepoint (normal execution)

VM Mutex/Monitor currently owned by a thread: None

heap address: 0x0000000081400000, size: 2028 MB, Compressed Oops mode: 32-bit
Narrow klass base: 0x0000000000000000, Narrow klass shift: 3
Compressed class space size: 1073741824 Address: 0x0000000100000000

Heap:
 PSYoungGen      total 125952K, used 43164K [0x00000000d5c00000, 0x00000000de900000, 0x0000000100000000)
  eden space 113152K, 26% used [0x00000000d5c00000,0x00000000d79ab208,0x00000000dca80000)
  from space 12800K, 99% used [0x00000000dd980000,0x00000000de5fc008,0x00000000de600000)
  to   space 15360K, 0% used [0x00000000dca80000,0x00000000dca80000,0x00000000dd980000)
 ParOldGen       total 93184K, used 16692K [0x0000000081400000, 0x0000000086f00000, 0x00000000d5c00000)
  object space 93184K, 17% used [0x0000000081400000,0x000000008244d340,0x0000000086f00000)
 Metaspace       used 51394K, capacity 53260K, committed 53632K, reserved 1095680K
  class space    used 7043K, capacity 7429K, committed 7552K, reserved 1048576K

Card table byte_map: [0x0000000012050000,0x0000000012450000] byte_map_base: 0x0000000011c46000

Marking Bits: (ParMarkBitMap*) 0x00000000578e4ce0
 Begin Bits: [0x0000000012f00000, 0x0000000014eb0000)
 End Bits:   [0x0000000014eb0000, 0x0000000016e60000)

Polling page: 0x0000000000fe0000

CodeCache: size=245760Kb used=13993Kb max_used=14006Kb free=231766Kb
 bounds [0x0000000002c90000, 0x0000000003a50000, 0x0000000011c90000]
 total_blobs=4397 nmethods=3871 adapters=438
 compilation: enabled

Compilation events (10 events):
Event: 4.101 Thread 0x0000000019b9e000 3919       3       java.util.SubList$1::hasNext (20 bytes)
Event: 4.101 Thread 0x0000000019b9e000 nmethod 3919 0x0000000003a3b210 code [0x0000000003a3b380, 0x0000000003a3b6a8]
Event: 4.101 Thread 0x0000000019b9e000 3921       1       jdk.internal.org.objectweb.asm.MethodWriter::visitEnd (1 bytes)
Event: 4.101 Thread 0x0000000019b9e000 nmethod 3921 0x0000000003a1f3d0 code [0x0000000003a1f520, 0x0000000003a1f630]
Event: 4.101 Thread 0x0000000019b9e000 3920       3       java.util.SubList$1::nextIndex (18 bytes)
Event: 4.101 Thread 0x0000000019b9e000 nmethod 3920 0x0000000003a3ad50 code [0x0000000003a3aec0, 0x0000000003a3b108]
Event: 4.112 Thread 0x0000000019b83800 3923       4       java.io.WinNTFileSystem::prefixLength (91 bytes)
Event: 4.113 Thread 0x0000000019b83800 nmethod 3923 0x0000000003a3d010 code [0x0000000003a3d160, 0x0000000003a3d338]
Event: 4.142 Thread 0x0000000019b9e000 3924       1       java.util.Spliterators$IteratorSpliterator::characteristics (5 bytes)
Event: 4.143 Thread 0x0000000019b9e000 nmethod 3924 0x0000000003a3cad0 code [0x0000000003a3cc20, 0x0000000003a3cd30]

GC Heap History (10 events):
Event: 1.952 GC heap before
{Heap before GC invocations=8 (full 1):
 PSYoungGen      total 67072K, used 65323K [0x00000000d5c00000, 0x00000000dd200000, 0x0000000100000000)
  eden space 61952K, 100% used [0x00000000d5c00000,0x00000000d9880000,0x00000000d9880000)
  from space 5120K, 65% used [0x00000000da200000,0x00000000da54ace0,0x00000000da700000)
  to   space 9728K, 0% used [0x00000000d9880000,0x00000000d9880000,0x00000000da200000)
 ParOldGen       total 60416K, used 8425K [0x0000000081400000, 0x0000000084f00000, 0x00000000d5c00000)
  object space 60416K, 13% used [0x0000000081400000,0x0000000081c3a688,0x0000000084f00000)
 Metaspace       used 27279K, capacity 28250K, committed 28416K, reserved 1073152K
  class space    used 3570K, capacity 3813K, committed 3840K, reserved 1048576K
Event: 1.958 GC heap after
Heap after GC invocations=8 (full 1):
 PSYoungGen      total 71680K, used 7986K [0x00000000d5c00000, 0x00000000dca80000, 0x0000000100000000)
  eden space 61952K, 0% used [0x00000000d5c00000,0x00000000d5c00000,0x00000000d9880000)
  from space 9728K, 82% used [0x00000000d9880000,0x00000000da04ca18,0x00000000da200000)
  to   space 10752K, 0% used [0x00000000dc000000,0x00000000dc000000,0x00000000dca80000)
 ParOldGen       total 60416K, used 8433K [0x0000000081400000, 0x0000000084f00000, 0x00000000d5c00000)
  object space 60416K, 13% used [0x0000000081400000,0x0000000081c3c688,0x0000000084f00000)
 Metaspace       used 27279K, capacity 28250K, committed 28416K, reserved 1073152K
  class space    used 3570K, capacity 3813K, committed 3840K, reserved 1048576K
}
Event: 2.501 GC heap before
{Heap before GC invocations=9 (full 1):
 PSYoungGen      total 71680K, used 69886K [0x00000000d5c00000, 0x00000000dca80000, 0x0000000100000000)
  eden space 61952K, 99% used [0x00000000d5c00000,0x00000000d9872eb8,0x00000000d9880000)
  from space 9728K, 82% used [0x00000000d9880000,0x00000000da04ca18,0x00000000da200000)
  to   space 10752K, 0% used [0x00000000dc000000,0x00000000dc000000,0x00000000dca80000)
 ParOldGen       total 60416K, used 8433K [0x0000000081400000, 0x0000000084f00000, 0x00000000d5c00000)
  object space 60416K, 13% used [0x0000000081400000,0x0000000081c3c688,0x0000000084f00000)
 Metaspace       used 31002K, capacity 32576K, committed 32896K, reserved 1077248K
  class space    used 4075K, capacity 4386K, committed 4480K, reserved 1048576K
Event: 2.508 GC heap after
Heap after GC invocations=9 (full 1):
 PSYoungGen      total 100864K, used 9497K [0x00000000d5c00000, 0x00000000dcb00000, 0x0000000100000000)
  eden space 90112K, 0% used [0x00000000d5c00000,0x00000000d5c00000,0x00000000db400000)
  from space 10752K, 88% used [0x00000000dc000000,0x00000000dc9466a8,0x00000000dca80000)
  to   space 11776K, 0% used [0x00000000db400000,0x00000000db400000,0x00000000dbf80000)
 ParOldGen       total 60416K, used 8441K [0x0000000081400000, 0x0000000084f00000, 0x00000000d5c00000)
  object space 60416K, 13% used [0x0000000081400000,0x0000000081c3e688,0x0000000084f00000)
 Metaspace       used 31002K, capacity 32576K, committed 32896K, reserved 1077248K
  class space    used 4075K, capacity 4386K, committed 4480K, reserved 1048576K
}
Event: 2.831 GC heap before
{Heap before GC invocations=10 (full 1):
 PSYoungGen      total 100864K, used 83745K [0x00000000d5c00000, 0x00000000dcb00000, 0x0000000100000000)
  eden space 90112K, 82% used [0x00000000d5c00000,0x00000000da481e20,0x00000000db400000)
  from space 10752K, 88% used [0x00000000dc000000,0x00000000dc9466a8,0x00000000dca80000)
  to   space 11776K, 0% used [0x00000000db400000,0x00000000db400000,0x00000000dbf80000)
 ParOldGen       total 60416K, used 8441K [0x0000000081400000, 0x0000000084f00000, 0x00000000d5c00000)
  object space 60416K, 13% used [0x0000000081400000,0x0000000081c3e688,0x0000000084f00000)
 Metaspace       used 33806K, capacity 35378K, committed 35456K, reserved 1079296K
  class space    used 4394K, capacity 4707K, committed 4736K, reserved 1048576K
Event: 2.839 GC heap after
Heap after GC invocations=10 (full 1):
 PSYoungGen      total 101888K, used 10605K [0x00000000d5c00000, 0x00000000de600000, 0x0000000100000000)
  eden space 90112K, 0% used [0x00000000d5c00000,0x00000000d5c00000,0x00000000db400000)
  from space 11776K, 90% used [0x00000000db400000,0x00000000dbe5b770,0x00000000dbf80000)
  to   space 12800K, 0% used [0x00000000dd980000,0x00000000dd980000,0x00000000de600000)
 ParOldGen       total 60416K, used 8449K [0x0000000081400000, 0x0000000084f00000, 0x00000000d5c00000)
  object space 60416K, 13% used [0x0000000081400000,0x0000000081c40688,0x0000000084f00000)
 Metaspace       used 33806K, capacity 35378K, committed 35456K, reserved 1079296K
  class space    used 4394K, capacity 4707K, committed 4736K, reserved 1048576K
}
Event: 2.839 GC heap before
{Heap before GC invocations=11 (full 2):
 PSYoungGen      total 101888K, used 10605K [0x00000000d5c00000, 0x00000000de600000, 0x0000000100000000)
  eden space 90112K, 0% used [0x00000000d5c00000,0x00000000d5c00000,0x00000000db400000)
  from space 11776K, 90% used [0x00000000db400000,0x00000000dbe5b770,0x00000000dbf80000)
  to   space 12800K, 0% used [0x00000000dd980000,0x00000000dd980000,0x00000000de600000)
 ParOldGen       total 60416K, used 8449K [0x0000000081400000, 0x0000000084f00000, 0x00000000d5c00000)
  object space 60416K, 13% used [0x0000000081400000,0x0000000081c40688,0x0000000084f00000)
 Metaspace       used 33806K, capacity 35378K, committed 35456K, reserved 1079296K
  class space    used 4394K, capacity 4707K, committed 4736K, reserved 1048576K
Event: 2.888 GC heap after
Heap after GC invocations=11 (full 2):
 PSYoungGen      total 101888K, used 0K [0x00000000d5c00000, 0x00000000de600000, 0x0000000100000000)
  eden space 90112K, 0% used [0x00000000d5c00000,0x00000000d5c00000,0x00000000db400000)
  from space 11776K, 0% used [0x00000000db400000,0x00000000db400000,0x00000000dbf80000)
  to   space 12800K, 0% used [0x00000000dd980000,0x00000000dd980000,0x00000000de600000)
 ParOldGen       total 93184K, used 14683K [0x0000000081400000, 0x0000000086f00000, 0x00000000d5c00000)
  object space 93184K, 15% used [0x0000000081400000,0x0000000082256cb0,0x0000000086f00000)
 Metaspace       used 33806K, capacity 35378K, committed 35456K, reserved 1079296K
  class space    used 4394K, capacity 4707K, committed 4736K, reserved 1048576K
}
Event: 3.814 GC heap before
{Heap before GC invocations=12 (full 2):
 PSYoungGen      total 101888K, used 90112K [0x00000000d5c00000, 0x00000000de600000, 0x0000000100000000)
  eden space 90112K, 100% used [0x00000000d5c00000,0x00000000db400000,0x00000000db400000)
  from space 11776K, 0% used [0x00000000db400000,0x00000000db400000,0x00000000dbf80000)
  to   space 12800K, 0% used [0x00000000dd980000,0x00000000dd980000,0x00000000de600000)
 ParOldGen       total 93184K, used 14683K [0x0000000081400000, 0x0000000086f00000, 0x00000000d5c00000)
  object space 93184K, 15% used [0x0000000081400000,0x0000000082256cb0,0x0000000086f00000)
 Metaspace       used 47720K, capacity 49492K, committed 49664K, reserved 1091584K
  class space    used 6522K, capacity 6846K, committed 6912K, reserved 1048576K
Event: 3.828 GC heap after
Heap after GC invocations=12 (full 2):
 PSYoungGen      total 125952K, used 12784K [0x00000000d5c00000, 0x00000000de900000, 0x0000000100000000)
  eden space 113152K, 0% used [0x00000000d5c00000,0x00000000d5c00000,0x00000000dca80000)
  from space 12800K, 99% used [0x00000000dd980000,0x00000000de5fc008,0x00000000de600000)
  to   space 15360K, 0% used [0x00000000dca80000,0x00000000dca80000,0x00000000dd980000)
 ParOldGen       total 93184K, used 16692K [0x0000000081400000, 0x0000000086f00000, 0x00000000d5c00000)
  object space 93184K, 17% used [0x0000000081400000,0x000000008244d340,0x0000000086f00000)
 Metaspace       used 47720K, capacity 49492K, committed 49664K, reserved 1091584K
  class space    used 6522K, capacity 6846K, committed 6912K, reserved 1048576K
}

Deoptimization events (10 events):
Event: 3.225 Thread 0x000000001afff000 Uncommon trap: reason=class_check action=maybe_recompile pc=0x00000000036c4c44 method=java.util.AbstractList$Itr.next()Ljava/lang/Object; @ 14
Event: 3.285 Thread 0x000000001afff000 Uncommon trap: reason=bimorphic action=maybe_recompile pc=0x000000000311a750 method=java.lang.ClassLoader.loadClass(Ljava/lang/String;Z)Ljava/lang/Class; @ 70
Event: 3.285 Thread 0x000000001afff000 Uncommon trap: reason=bimorphic action=maybe_recompile pc=0x000000000311a750 method=java.lang.ClassLoader.loadClass(Ljava/lang/String;Z)Ljava/lang/Class; @ 70
Event: 3.404 Thread 0x000000001afff000 Uncommon trap: reason=bimorphic action=maybe_recompile pc=0x000000000311a750 method=java.lang.ClassLoader.loadClass(Ljava/lang/String;Z)Ljava/lang/Class; @ 70
Event: 3.498 Thread 0x000000001afff000 Uncommon trap: reason=bimorphic action=maybe_recompile pc=0x000000000311a750 method=java.lang.ClassLoader.loadClass(Ljava/lang/String;Z)Ljava/lang/Class; @ 70
Event: 3.631 Thread 0x000000001afff000 Uncommon trap: reason=unstable_if action=reinterpret pc=0x00000000037bf930 method=java.lang.Class$MethodArray.addIfNotPresent(Ljava/lang/reflect/Method;)V @ 19
Event: 3.647 Thread 0x000000001afff000 Uncommon trap: reason=unstable_if action=reinterpret pc=0x00000000032e9064 method=java.lang.reflect.Method.invoke(Ljava/lang/Object;[Ljava/lang/Object;)Ljava/lang/Object; @ 18
Event: 3.965 Thread 0x000000001afff000 Uncommon trap: reason=predicate action=maybe_recompile pc=0x00000000038b9d94 method=java.util.AbstractCollection.containsAll(Ljava/util/Collection;)Z @ 16
Event: 4.022 Thread 0x000000001afff000 Uncommon trap: reason=unstable_if action=reinterpret pc=0x000000000326c254 method=org.springframework.asm.ClassReader.readUtf(II[C)Ljava/lang/String; @ 41
Event: 4.142 Thread 0x000000001afff000 Uncommon trap: reason=unstable_if action=reinterpret pc=0x00000000038f0754 method=org.springframework.util.ConcurrentReferenceHashMap$Segment.restructureIfNecessary(Z)V @ 34

Classes redefined (0 events):
No events

Internal exceptions (10 events):
Event: 4.010 Thread 0x000000001afff000 Exception <a 'java/lang/ClassNotFoundException': org/springframework/beans/factory/BeanFactoryAwareCustomizer> (0x00000000d6e40110) thrown at [C:\re\workspace\8-2-build-windows-amd64-cygwin\jdk8u201\12322\hotspot\src\share\vm\classfile\systemDictionary.cp
Event: 4.010 Thread 0x000000001afff000 Exception <a 'java/lang/ClassNotFoundException': org/springframework/beans/factory/AwareCustomizer> (0x00000000d6e52920) thrown at [C:\re\workspace\8-2-build-windows-amd64-cygwin\jdk8u201\12322\hotspot\src\share\vm\classfile\systemDictionary.cpp, line 210
Event: 4.011 Thread 0x000000001afff000 Exception <a 'java/lang/ClassNotFoundException': org/springframework/context/ApplicationEventPublisherAwareCustomizer> (0x00000000d6e67ce0) thrown at [C:\re\workspace\8-2-build-windows-amd64-cygwin\jdk8u201\12322\hotspot\src\share\vm\classfile\systemDicti
Event: 4.011 Thread 0x000000001afff000 Exception <a 'java/lang/ClassNotFoundException': org/springframework/beans/factory/AwareCustomizer> (0x00000000d6e7a698) thrown at [C:\re\workspace\8-2-build-windows-amd64-cygwin\jdk8u201\12322\hotspot\src\share\vm\classfile\systemDictionary.cpp, line 210
Event: 4.016 Thread 0x000000001afff000 Exception <a 'java/lang/ClassNotFoundException': java/lang/ObjectCustomizer> (0x00000000d6ec8f70) thrown at [C:\re\workspace\8-2-build-windows-amd64-cygwin\jdk8u201\12322\hotspot\src\share\vm\classfile\systemDictionary.cpp, line 210]
Event: 4.017 Thread 0x000000001afff000 Exception <a 'java/lang/ClassNotFoundException': org/springframework/core/io/support/PropertiesLoaderSupportCustomizer> (0x00000000d6ee2018) thrown at [C:\re\workspace\8-2-build-windows-amd64-cygwin\jdk8u201\12322\hotspot\src\share\vm\classfile\systemDict
Event: 4.017 Thread 0x000000001afff000 Exception <a 'java/lang/ClassNotFoundException': org/springframework/beans/factory/config/PropertiesFactoryBeanCustomizer> (0x00000000d6f01838) thrown at [C:\re\workspace\8-2-build-windows-amd64-cygwin\jdk8u201\12322\hotspot\src\share\vm\classfile\systemD
Event: 4.018 Thread 0x000000001afff000 Exception <a 'java/lang/ClassNotFoundException': org/springframework/beans/factory/FactoryBeanCustomizer> (0x00000000d6f29c50) thrown at [C:\re\workspace\8-2-build-windows-amd64-cygwin\jdk8u201\12322\hotspot\src\share\vm\classfile\systemDictionary.cpp, li
Event: 4.019 Thread 0x000000001afff000 Exception <a 'java/lang/ClassNotFoundException': org/springframework/beans/factory/InitializingBeanCustomizer> (0x00000000d6f40948) thrown at [C:\re\workspace\8-2-build-windows-amd64-cygwin\jdk8u201\12322\hotspot\src\share\vm\classfile\systemDictionary.cp
Event: 4.053 Thread 0x000000001afff000 Exception <a 'java/lang/NoSuchMethodError': java.lang.Object.lambda$static$0(Ljava/lang/Object;)Lorg/springframework/expression/EvaluationContext;> (0x00000000d7203cb8) thrown at [C:\re\workspace\8-2-build-windows-amd64-cygwin\jdk8u201\12322\hotspot\src\s

Events (10 events):
Event: 4.146 loading class javax/persistence/metamodel/Metamodel
Event: 4.146 loading class javax/persistence/metamodel/Metamodel done
Event: 4.146 loading class javax/persistence/metamodel/Metamodel
Event: 4.146 loading class javax/persistence/metamodel/Metamodel done
Event: 4.146 loading class org/springframework/data/mapping/model/PreferredConstructorDiscoverer
Event: 4.146 loading class org/springframework/data/mapping/model/PreferredConstructorDiscoverer done
Event: 4.146 loading class org/springframework/data/mapping/model/PreferredConstructorDiscoverer$Discoverers
Event: 4.146 loading class org/springframework/data/mapping/model/PreferredConstructorDiscoverer$Discoverers done
Event: 4.147 loading class org/springframework/data/mapping/model/PreferredConstructorDiscoverer$Discoverers$1
Event: 4.147 loading class org/springframework/data/mapping/model/PreferredConstructorDiscoverer$Discoverers$1 done


Dynamic libraries:
0x00007ff6f6230000 - 0x00007ff6f6267000 	C:\Program Files\Java\jre1.8.0_201\bin\javaw.exe
0x00007fff35e50000 - 0x00007fff36031000 	C:\WINDOWS\SYSTEM32\ntdll.dll
0x00007fff335a0000 - 0x00007fff33651000 	C:\WINDOWS\System32\KERNEL32.DLL
0x00007fff32e50000 - 0x00007fff330c3000 	C:\WINDOWS\System32\KERNELBASE.dll
0x00007fff334f0000 - 0x00007fff33591000 	C:\WINDOWS\System32\ADVAPI32.dll
0x00007fff35c80000 - 0x00007fff35d1e000 	C:\WINDOWS\System32\msvcrt.dll
0x00007fff33680000 - 0x00007fff336db000 	C:\WINDOWS\System32\sechost.dll
0x00007fff339a0000 - 0x00007fff33ac4000 	C:\WINDOWS\System32\RPCRT4.dll
0x00007fff336e0000 - 0x00007fff33870000 	C:\WINDOWS\System32\USER32.dll
0x00007fff331c0000 - 0x00007fff331e0000 	C:\WINDOWS\System32\win32u.dll
0x00007fff34320000 - 0x00007fff34348000 	C:\WINDOWS\System32\GDI32.dll
0x00007fff32c30000 - 0x00007fff32dc1000 	C:\WINDOWS\System32\gdi32full.dll
0x00007fff33120000 - 0x00007fff331bf000 	C:\WINDOWS\System32\msvcp_win.dll
0x00007fff331e0000 - 0x00007fff332d8000 	C:\WINDOWS\System32\ucrtbase.dll
0x00007fff25630000 - 0x00007fff25899000 	C:\WINDOWS\WinSxS\amd64_microsoft.windows.common-controls_6595b64144ccf1df_6.0.17134.829_none_fb46a5473061b9d5\COMCTL32.dll
0x00007fff35950000 - 0x00007fff35c72000 	C:\WINDOWS\System32\combase.dll
0x00007fff32dd0000 - 0x00007fff32e4a000 	C:\WINDOWS\System32\bcryptPrimitives.dll
0x00007fff332e0000 - 0x00007fff3330d000 	C:\WINDOWS\System32\IMM32.DLL
0x0000000057970000 - 0x0000000057a41000 	C:\Program Files\Java\jre1.8.0_201\bin\msvcr100.dll
0x00000000570c0000 - 0x0000000057964000 	C:\Program Files\Java\jre1.8.0_201\bin\server\jvm.dll
0x00007fff34350000 - 0x00007fff34358000 	C:\WINDOWS\System32\PSAPI.DLL
0x00007fff17630000 - 0x00007fff17639000 	C:\WINDOWS\SYSTEM32\WSOCK32.dll
0x00007fff2d1b0000 - 0x00007fff2d1d3000 	C:\WINDOWS\SYSTEM32\WINMM.dll
0x00007fff2a8c0000 - 0x00007fff2a8ca000 	C:\WINDOWS\SYSTEM32\VERSION.dll
0x00007fff35db0000 - 0x00007fff35e1c000 	C:\WINDOWS\System32\WS2_32.dll
0x00007fff2d180000 - 0x00007fff2d1aa000 	C:\WINDOWS\SYSTEM32\WINMMBASE.dll
0x00007fff330d0000 - 0x00007fff33119000 	C:\WINDOWS\System32\cfgmgr32.dll
0x00007fff1caf0000 - 0x00007fff1caff000 	C:\Program Files\Java\jre1.8.0_201\bin\verify.dll
0x00007ffefa970000 - 0x00007ffefa999000 	C:\Program Files\Java\jre1.8.0_201\bin\java.dll
0x00007fff19760000 - 0x00007fff19776000 	C:\Program Files\Java\jre1.8.0_201\bin\zip.dll
0x00007fff34410000 - 0x00007fff35850000 	C:\WINDOWS\System32\SHELL32.dll
0x00007fff34360000 - 0x00007fff34409000 	C:\WINDOWS\System32\shcore.dll
0x00007fff32330000 - 0x00007fff32a3d000 	C:\WINDOWS\System32\windows.storage.dll
0x00007fff33310000 - 0x00007fff33361000 	C:\WINDOWS\System32\shlwapi.dll
0x00007fff321e0000 - 0x00007fff321f1000 	C:\WINDOWS\System32\kernel.appcore.dll
0x00007fff32200000 - 0x00007fff3221f000 	C:\WINDOWS\System32\profapi.dll
0x00007fff32160000 - 0x00007fff321ac000 	C:\WINDOWS\System32\powrprof.dll
0x00007fff321b0000 - 0x00007fff321ba000 	C:\WINDOWS\System32\FLTLIB.DLL
0x00007fff27010000 - 0x00007fff2701d000 	C:\Program Files\Java\jre1.8.0_201\bin\management.dll
0x00007ffef96e0000 - 0x00007ffef96fa000 	C:\Program Files\Java\jre1.8.0_201\bin\net.dll
0x00007fff22410000 - 0x00007fff225d9000 	C:\WINDOWS\SYSTEM32\urlmon.dll
0x00007fff235b0000 - 0x00007fff23856000 	C:\WINDOWS\SYSTEM32\iertutil.dll
0x00007fff31bb0000 - 0x00007fff31bbb000 	C:\WINDOWS\SYSTEM32\CRYPTBASE.DLL
0x00007fff319e0000 - 0x00007fff31a46000 	C:\WINDOWS\system32\mswsock.dll
0x00007ffef96c0000 - 0x00007ffef96d6000 	C:\WINDOWS\system32\napinsp.dll
0x00007ffef9630000 - 0x00007ffef964a000 	C:\WINDOWS\system32\pnrpnsp.dll
0x00007fff2eda0000 - 0x00007fff2edb9000 	C:\WINDOWS\system32\NLAapi.dll
0x00007fff317b0000 - 0x00007fff3186e000 	C:\WINDOWS\SYSTEM32\DNSAPI.dll
0x00007fff35850000 - 0x00007fff35858000 	C:\WINDOWS\System32\NSI.dll
0x00007fff31770000 - 0x00007fff317a8000 	C:\WINDOWS\SYSTEM32\IPHLPAPI.DLL
0x00007ffef9620000 - 0x00007ffef962e000 	C:\WINDOWS\System32\winrnr.dll
0x00007fff2c6a0000 - 0x00007fff2c6b5000 	C:\WINDOWS\System32\wshbth.dll
0x00007fff27460000 - 0x00007fff2746a000 	C:\Windows\System32\rasadhlp.dll
0x00007fff27360000 - 0x00007fff273d2000 	C:\WINDOWS\System32\fwpuclnt.dll
0x00007fff31cc0000 - 0x00007fff31ce5000 	C:\WINDOWS\SYSTEM32\bcrypt.dll
0x00007ffef9600000 - 0x00007ffef9611000 	C:\Program Files\Java\jre1.8.0_201\bin\nio.dll
0x00007fff31b90000 - 0x00007fff31ba7000 	C:\WINDOWS\SYSTEM32\CRYPTSP.dll
0x00007fff315d0000 - 0x00007fff31603000 	C:\WINDOWS\system32\rsaenh.dll
0x00007fff32090000 - 0x00007fff320b8000 	C:\WINDOWS\SYSTEM32\USERENV.dll
0x00007fff2a9d0000 - 0x00007fff2a9e6000 	C:\WINDOWS\SYSTEM32\dhcpcsvc6.DLL
0x00007fff2a7a0000 - 0x00007fff2a7ba000 	C:\WINDOWS\SYSTEM32\dhcpcsvc.DLL

VM Arguments:
jvm_args: -Dfile.encoding=UTF-8 
java_command: com.SkyscraperInfo.SkyscraperInfoApplication
java_class_path (initial): D:\NBA Player Stats\NBAStats\target\classes;C:\Users\allen\.m2\repository\org\springframework\boot\spring-boot-starter-data-jpa\2.1.6.RELEASE\spring-boot-starter-data-jpa-2.1.6.RELEASE.jar;C:\Users\allen\.m2\repository\org\springframework\boot\spring-boot-starter-aop\2.1.6.RELEASE\spring-boot-starter-aop-2.1.6.RELEASE.jar;C:\Users\allen\.m2\repository\org\springframework\spring-aop\5.1.8.RELEASE\spring-aop-5.1.8.RELEASE.jar;C:\Users\allen\.m2\repository\org\aspectj\aspectjweaver\1.9.4\aspectjweaver-1.9.4.jar;C:\Users\allen\.m2\repository\org\springframework\boot\spring-boot-starter-jdbc\2.1.6.RELEASE\spring-boot-starter-jdbc-2.1.6.RELEASE.jar;C:\Users\allen\.m2\repository\com\zaxxer\HikariCP\3.2.0\HikariCP-3.2.0.jar;C:\Users\allen\.m2\repository\org\springframework\spring-jdbc\5.1.8.RELEASE\spring-jdbc-5.1.8.RELEASE.jar;C:\Users\allen\.m2\repository\javax\transaction\javax.transaction-api\1.3\javax.transaction-api-1.3.jar;C:\Users\allen\.m2\repository\javax\xml\bind\jaxb-api\2.3.1\jaxb-api-2.3.1.jar;C:\Users\allen\.m2\repository\javax\activation\javax.activation-api\1.2.0\javax.activation-api-1.2.0.jar;C:\Users\allen\.m2\repository\org\hibernate\hibernate-core\5.3.10.Final\hibernate-core-5.3.10.Final.jar;C:\Users\allen\.m2\repository\org\jboss\logging\jboss-logging\3.3.2.Final\jboss-logging-3.3.2.Final.jar;C:\Users\allen\.m2\repository\javax\persistence\javax.persistence-api\2.2\javax.persistence-api-2.2.jar;C:\Users\allen\.m2\repository\org\javassist\javassist\3.23.2-GA\javassist-3.23.2-GA.jar;C:\Users\allen\.m2\repository\net\bytebuddy\byte-buddy\1.9.13\byte-buddy-1.9.13.jar;C:\Users\allen\.m2\repository\antlr\antlr\2.7.7\antlr-2.7.7.jar;C:\Users\allen\.m2\repository\org\jboss\jandex\2.0.5.Final\jandex-2.0.5.Final.jar;C:\Users\allen\.m2\repository\com\fasterxml\classmate\1.4.0\classmate-1.4.0.jar;C:\Users\allen\.m2\repository\org\dom4j\dom4j\2.1.1\dom4j-2.1.1.jar;C:\Users\allen\.m2\repository\org\hibernate\common\hibernate-commons-anno
Launcher Type: SUN_STANDARD

Environment Variables:
PATH=C:/Program Files/Java/jre1.8.0_201/bin/server;C:/Program Files/Java/jre1.8.0_201/bin;C:/Program Files/Java/jre1.8.0_201/lib/amd64;C:\Program Files (x86)\Common Files\Oracle\Java\javapath;C:\Program Files (x86)\Intel\iCLS Client\;C:\Program Files\Intel\iCLS Client\;C:\Windows\system32;C:\Windows;C:\Windows\System32\Wbem;C:\Windows\System32\WindowsPowerShell\v1.0\;C:\Program Files (x86)\NVIDIA Corporation\PhysX\Common;C:\Program Files (x86)\Intel\Intel(R) Management Engine Components\DAL;C:\Program Files\Intel\Intel(R) Management Engine Components\DAL;C:\Program Files (x86)\Intel\Intel(R) Management Engine Components\IPT;C:\Program Files\Intel\Intel(R) Management Engine Components\IPT;C:\Program Files\Intel\WiFi\bin\;C:\Program Files\Common Files\Intel\WirelessCommon\;C:\WINDOWS\system32;C:\WINDOWS;C:\WINDOWS\System32\Wbem;C:\WINDOWS\System32\WindowsPowerShell\v1.0\;C:\Program Files\dotnet\;C:\Program Files\Microsoft SQL Server\130\Tools\Binn\;C:\WINDOWS\System32\OpenSSH\;C:\MinGW\bin;D:\;C:\Opencv\opencv\build\x64\vc15\bin;C:\CMake\bin;C:\Program Files\Java\jdk-11.0.2\bin;D:\Git\cmd;C:\Users\allen\AppData\Local\Microsoft\WindowsApps;D:\Microsoft VS Code\bin;C:\Users\allen\AppData\Roaming\npm;C:\Program Files\Java\jdk-11.0.2\bin;;C:\WINDOWS\system32;
USERNAME=allen
OS=Windows_NT
PROCESSOR_IDENTIFIER=Intel64 Family 6 Model 158 Stepping 9, GenuineIntel



---------------  S Y S T E M  ---------------

OS: Windows 10.0 , 64 bit Build 17134 (10.0.17134.753)

CPU:total 8 (initial active 8) (4 cores per cpu, 2 threads per core) family 6 model 158 stepping 9, cmov, cx8, fxsr, mmx, sse, sse2, sse3, ssse3, sse4.1, sse4.2, popcnt, avx, avx2, aes, clmul, erms, 3dnowpref, lzcnt, ht, tsc, tscinvbit, bmi1, bmi2, adx

Memory: 4k page, physical 8306424k(1089960k free), swap 33472248k(5920k free)

vm_info: Java HotSpot(TM) 64-Bit Server VM (25.201-b09) for windows-amd64 JRE (1.8.0_201-b09), built on Dec 15 2018 18:36:39 by "java_re" with MS VC++ 10.0 (VS2010)

time: Sun Jul 07 14:34:31 2019
timezone: Central America Standard Time
elapsed time: 4 seconds (0d 0h 0m 4s)

