#
# There is insufficient memory for the Java Runtime Environment to continue.
# Native memory allocation (malloc) failed to allocate 1061296 bytes for Chunk::new
# Possible reasons:
#   The system is out of physical RAM or swap space
#   The process is running with CompressedOops enabled, and the Java Heap may be blocking the growth of the native heap
# Possible solutions:
#   Reduce memory load on the system
#   Increase physical memory or swap space
#   Check if swap backing store is full
#   Decrease Java heap size (-Xmx/-Xms)
#   Decrease number of Java threads
#   Decrease Java thread stack sizes (-Xss)
#   Set larger code cache with -XX:ReservedCodeCacheSize=
#   JVM is running with Unscaled Compressed Oops mode in which the Java heap is
#     placed in the first 4GB address space. The Java Heap base address is the
#     maximum limit for the native heap growth. Please use -XX:HeapBaseMinAddress
#     to set the Java Heap base and to place the Java Heap above 4GB virtual address.
# This output file may be truncated or incomplete.
#
#  Out of Memory Error (allocation.cpp:390), pid=17940, tid=0x0000000000004580
#
# JRE version: Java(TM) SE Runtime Environment (8.0_201-b09) (build 1.8.0_201-b09)
# Java VM: Java HotSpot(TM) 64-Bit Server VM (25.201-b09 mixed mode windows-amd64 compressed oops)
# Failed to write core dump. Minidumps are not enabled by default on client versions of Windows
#

---------------  T H R E A D  ---------------

Current thread (0x0000000019f2b800):  JavaThread "C2 CompilerThread2" daemon [_thread_in_native, id=17792, stack(0x000000001a8e0000,0x000000001a9e0000)]

Stack: [0x000000001a8e0000,0x000000001a9e0000]
[error occurred during error reporting (printing stack bounds), id 0xc0000005]

Native frames: (J=compiled Java code, j=interpreted, Vv=VM code, C=native code)


Current CompileTask:
C2:   5436 3936   !   4       org.springframework.core.annotation.AnnotatedElementUtils::searchWithFindSemantics (774 bytes)


---------------  P R O C E S S  ---------------

Java Threads: ( => current thread )
  0x000000001ade9800 JavaThread "Live Reload Server" daemon [_thread_in_native, id=20108, stack(0x0000000022910000,0x0000000022a10000)]
  0x000000001adeb000 JavaThread "HikariPool-1 connection adder" daemon [_thread_blocked, id=1588, stack(0x0000000021bf0000,0x0000000021cf0000)]
  0x000000001adea800 JavaThread "HikariPool-1 housekeeper" daemon [_thread_blocked, id=14948, stack(0x00000000219e0000,0x0000000021ae0000)]
  0x000000001e4ce000 JavaThread "mysql-cj-abandoned-connection-cleanup" daemon [_thread_blocked, id=13984, stack(0x00000000214e0000,0x00000000215e0000)]
  0x000000001e4cf800 JavaThread "container-0" [_thread_blocked, id=4896, stack(0x00000000213e0000,0x00000000214e0000)]
  0x000000001e4d0800 JavaThread "Catalina-utility-2" [_thread_blocked, id=21096, stack(0x00000000212e0000,0x00000000213e0000)]
  0x000000001e4d1000 JavaThread "Catalina-utility-1" [_thread_blocked, id=17356, stack(0x00000000211e0000,0x00000000212e0000)]
  0x000000001b445000 JavaThread "restartedMain" [_thread_in_vm, id=5896, stack(0x000000001c6f0000,0x000000001c7f0000)]
  0x000000001b442000 JavaThread "Thread-0" [_thread_blocked, id=8872, stack(0x000000001c5f0000,0x000000001c6f0000)]
  0x0000000019fb6800 JavaThread "Service Thread" daemon [_thread_blocked, id=6620, stack(0x000000001aae0000,0x000000001abe0000)]
  0x0000000019f32800 JavaThread "C1 CompilerThread3" daemon [_thread_blocked, id=19712, stack(0x000000001a9e0000,0x000000001aae0000)]
=>0x0000000019f2b800 JavaThread "C2 CompilerThread2" daemon [_thread_in_native, id=17792, stack(0x000000001a8e0000,0x000000001a9e0000)]
  0x0000000019f23800 JavaThread "C2 CompilerThread1" daemon [_thread_in_native, id=5984, stack(0x000000001a7e0000,0x000000001a8e0000)]
  0x0000000019f20000 JavaThread "C2 CompilerThread0" daemon [_thread_blocked, id=11768, stack(0x000000001a6e0000,0x000000001a7e0000)]
  0x0000000019f1f000 JavaThread "Attach Listener" daemon [_thread_blocked, id=16844, stack(0x000000001a5e0000,0x000000001a6e0000)]
  0x0000000019f1e000 JavaThread "Signal Dispatcher" daemon [_thread_blocked, id=6896, stack(0x000000001a4e0000,0x000000001a5e0000)]
  0x0000000019f10800 JavaThread "Finalizer" daemon [_thread_blocked, id=236, stack(0x000000001a2f0000,0x000000001a3f0000)]
  0x000000000305c000 JavaThread "Reference Handler" daemon [_thread_blocked, id=5420, stack(0x0000000019df0000,0x0000000019ef0000)]
  0x0000000002f65000 JavaThread "main" [_thread_blocked, id=12028, stack(0x0000000002db0000,0x0000000002eb0000)]

Other Threads:
  0x0000000018019000 VMThread [stack: 0x0000000019cf0000,0x0000000019df0000] [id=17244]
  0x0000000019fcf800 WatcherThread [stack: 0x000000001abe0000,0x000000001ace0000] [id=10044]

VM state:not at safepoint (normal execution)

VM Mutex/Monitor currently owned by a thread: None

heap address: 0x0000000081400000, size: 2028 MB, Compressed Oops mode: 32-bit
Narrow klass base: 0x0000000000000000, Narrow klass shift: 3
Compressed class space size: 1073741824 Address: 0x0000000100000000

Heap:
 PSYoungGen      total 136704K, used 15383K [0x00000000d5c00000, 0x00000000e1a80000, 0x0000000100000000)
  eden space 126976K, 4% used [0x00000000d5c00000,0x00000000d6186ce8,0x00000000dd800000)
  from space 9728K, 99% used [0x00000000dd800000,0x00000000de17f0d0,0x00000000de180000)
  to   space 18432K, 0% used [0x00000000e0880000,0x00000000e0880000,0x00000000e1a80000)
 ParOldGen       total 60928K, used 24772K [0x0000000081400000, 0x0000000084f80000, 0x00000000d5c00000)
  object space 60928K, 40% used [0x0000000081400000,0x0000000082c310a0,0x0000000084f80000)
 Metaspace       used 52555K, capacity 54854K, committed 55040K, reserved 1097728K
  class space    used 7236K, capacity 7674K, committed 7680K, reserved 1048576K

Card table byte_map: [0x0000000012420000,0x0000000012820000] byte_map_base: 0x0000000012016000

Marking Bits: (ParMarkBitMap*) 0x00000000578e4ce0
 Begin Bits: [0x00000000132d0000, 0x0000000015280000)
 End Bits:   [0x0000000015280000, 0x0000000017230000)

Polling page: 0x0000000000be0000

CodeCache: size=245760Kb used=14814Kb max_used=14814Kb free=230945Kb
 bounds [0x0000000003060000, 0x0000000003ef0000, 0x0000000012060000]
 total_blobs=4561 nmethods=4032 adapters=440
 compilation: enabled

Compilation events (10 events):
Event: 5.302 Thread 0x0000000019f32800 4069       3       java.lang.invoke.DelegatingMethodHandle::<init> (10 bytes)
Event: 5.302 Thread 0x0000000019f32800 nmethod 4069 0x0000000003ed5790 code [0x0000000003ed5940, 0x0000000003ed5fc8]
Event: 5.305 Thread 0x0000000019f32800 4070       3       java.util.Formatter::checkText (58 bytes)
Event: 5.305 Thread 0x0000000019f23800 4072       4       java.lang.invoke.MethodType::makeImpl (66 bytes)
Event: 5.305 Thread 0x0000000019f32800 nmethod 4070 0x0000000003ed6290 code [0x0000000003ed6480, 0x0000000003ed6e28]
Event: 5.305 Thread 0x0000000019f32800 4071       3       java.lang.StringBuilder::append (6 bytes)
Event: 5.305 Thread 0x0000000019f32800 nmethod 4071 0x0000000003ed7390 code [0x0000000003ed7500, 0x0000000003ed7768]
Event: 5.307 Thread 0x0000000019f20000 4073       4       java.lang.invoke.MethodType$ConcurrentWeakInternSet::get (54 bytes)
Event: 5.313 Thread 0x0000000019f32800 4074       3       java.lang.reflect.AccessibleObject::getDeclaredAnnotation (6 bytes)
Event: 5.313 Thread 0x0000000019f32800 nmethod 4074 0x0000000003ed7850 code [0x0000000003ed79c0, 0x0000000003ed7bc8]

GC Heap History (10 events):
Event: 1.580 GC heap before
{Heap before GC invocations=7 (full 1):
 PSYoungGen      total 71680K, used 66560K [0x00000000d5c00000, 0x00000000df100000, 0x0000000100000000)
  eden space 66560K, 100% used [0x00000000d5c00000,0x00000000d9d00000,0x00000000d9d00000)
  from space 5120K, 0% used [0x00000000d9d00000,0x00000000d9d00000,0x00000000da200000)
  to   space 9728K, 0% used [0x00000000de780000,0x00000000de780000,0x00000000df100000)
 ParOldGen       total 60928K, used 8360K [0x0000000081400000, 0x0000000084f80000, 0x00000000d5c00000)
  object space 60928K, 13% used [0x0000000081400000,0x0000000081c2a228,0x0000000084f80000)
 Metaspace       used 23352K, capacity 24038K, committed 24320K, reserved 1071104K
  class space    used 3035K, capacity 3220K, committed 3328K, reserved 1048576K
Event: 1.585 GC heap after
Heap after GC invocations=7 (full 1):
 PSYoungGen      total 102912K, used 3424K [0x00000000d5c00000, 0x00000000deb00000, 0x0000000100000000)
  eden space 99328K, 0% used [0x00000000d5c00000,0x00000000d5c00000,0x00000000dbd00000)
  from space 3584K, 95% used [0x00000000de780000,0x00000000dead8200,0x00000000deb00000)
  to   space 9728K, 0% used [0x00000000dd800000,0x00000000dd800000,0x00000000de180000)
 ParOldGen       total 60928K, used 8432K [0x0000000081400000, 0x0000000084f80000, 0x00000000d5c00000)
  object space 60928K, 13% used [0x0000000081400000,0x0000000081c3c238,0x0000000084f80000)
 Metaspace       used 23352K, capacity 24038K, committed 24320K, reserved 1071104K
  class space    used 3035K, capacity 3220K, committed 3328K, reserved 1048576K
}
Event: 3.085 GC heap before
{Heap before GC invocations=8 (full 1):
 PSYoungGen      total 102912K, used 102752K [0x00000000d5c00000, 0x00000000deb00000, 0x0000000100000000)
  eden space 99328K, 100% used [0x00000000d5c00000,0x00000000dbd00000,0x00000000dbd00000)
  from space 3584K, 95% used [0x00000000de780000,0x00000000dead8200,0x00000000deb00000)
  to   space 9728K, 0% used [0x00000000dd800000,0x00000000dd800000,0x00000000de180000)
 ParOldGen       total 60928K, used 8432K [0x0000000081400000, 0x0000000084f80000, 0x00000000d5c00000)
  object space 60928K, 13% used [0x0000000081400000,0x0000000081c3c238,0x0000000084f80000)
 Metaspace       used 30651K, capacity 32162K, committed 32256K, reserved 1077248K
  class space    used 4036K, capacity 4319K, committed 4352K, reserved 1048576K
Event: 3.098 GC heap after
Heap after GC invocations=8 (full 1):
 PSYoungGen      total 136704K, used 9700K [0x00000000d5c00000, 0x00000000e0180000, 0x0000000100000000)
  eden space 126976K, 0% used [0x00000000d5c00000,0x00000000d5c00000,0x00000000dd800000)
  from space 9728K, 99% used [0x00000000dd800000,0x00000000de1793c8,0x00000000de180000)
  to   space 12800K, 0% used [0x00000000df500000,0x00000000df500000,0x00000000e0180000)
 ParOldGen       total 60928K, used 10952K [0x0000000081400000, 0x0000000084f80000, 0x00000000d5c00000)
  object space 60928K, 17% used [0x0000000081400000,0x0000000081eb2010,0x0000000084f80000)
 Metaspace       used 30651K, capacity 32162K, committed 32256K, reserved 1077248K
  class space    used 4036K, capacity 4319K, committed 4352K, reserved 1048576K
}
Event: 3.583 GC heap before
{Heap before GC invocations=9 (full 1):
 PSYoungGen      total 136704K, used 111443K [0x00000000d5c00000, 0x00000000e0180000, 0x0000000100000000)
  eden space 126976K, 80% used [0x00000000d5c00000,0x00000000dbf5b988,0x00000000dd800000)
  from space 9728K, 99% used [0x00000000dd800000,0x00000000de1793c8,0x00000000de180000)
  to   space 12800K, 0% used [0x00000000df500000,0x00000000df500000,0x00000000e0180000)
 ParOldGen       total 60928K, used 10952K [0x0000000081400000, 0x0000000084f80000, 0x00000000d5c00000)
  object space 60928K, 17% used [0x0000000081400000,0x0000000081eb2010,0x0000000084f80000)
 Metaspace       used 33765K, capacity 35374K, committed 35456K, reserved 1079296K
  class space    used 4396K, capacity 4707K, committed 4736K, reserved 1048576K
Event: 3.594 GC heap after
Heap after GC invocations=9 (full 1):
 PSYoungGen      total 139776K, used 11038K [0x00000000d5c00000, 0x00000000e0180000, 0x0000000100000000)
  eden space 126976K, 0% used [0x00000000d5c00000,0x00000000d5c00000,0x00000000dd800000)
  from space 12800K, 86% used [0x00000000df500000,0x00000000dffc7990,0x00000000e0180000)
  to   space 9728K, 0% used [0x00000000dd800000,0x00000000dd800000,0x00000000de180000)
 ParOldGen       total 60928K, used 10960K [0x0000000081400000, 0x0000000084f80000, 0x00000000d5c00000)
  object space 60928K, 17% used [0x0000000081400000,0x0000000081eb4010,0x0000000084f80000)
 Metaspace       used 33765K, capacity 35374K, committed 35456K, reserved 1079296K
  class space    used 4396K, capacity 4707K, committed 4736K, reserved 1048576K
}
Event: 3.594 GC heap before
{Heap before GC invocations=10 (full 2):
 PSYoungGen      total 139776K, used 11038K [0x00000000d5c00000, 0x00000000e0180000, 0x0000000100000000)
  eden space 126976K, 0% used [0x00000000d5c00000,0x00000000d5c00000,0x00000000dd800000)
  from space 12800K, 86% used [0x00000000df500000,0x00000000dffc7990,0x00000000e0180000)
  to   space 9728K, 0% used [0x00000000dd800000,0x00000000dd800000,0x00000000de180000)
 ParOldGen       total 60928K, used 10960K [0x0000000081400000, 0x0000000084f80000, 0x00000000d5c00000)
  object space 60928K, 17% used [0x0000000081400000,0x0000000081eb4010,0x0000000084f80000)
 Metaspace       used 33765K, capacity 35374K, committed 35456K, reserved 1079296K
  class space    used 4396K, capacity 4707K, committed 4736K, reserved 1048576K
Event: 3.655 GC heap after
Heap after GC invocations=10 (full 2):
 PSYoungGen      total 139776K, used 0K [0x00000000d5c00000, 0x00000000e0180000, 0x0000000100000000)
  eden space 126976K, 0% used [0x00000000d5c00000,0x00000000d5c00000,0x00000000dd800000)
  from space 12800K, 0% used [0x00000000df500000,0x00000000df500000,0x00000000e0180000)
  to   space 9728K, 0% used [0x00000000dd800000,0x00000000dd800000,0x00000000de180000)
 ParOldGen       total 60928K, used 14990K [0x0000000081400000, 0x0000000084f80000, 0x00000000d5c00000)
  object space 60928K, 24% used [0x0000000081400000,0x00000000822a3ab8,0x0000000084f80000)
 Metaspace       used 33765K, capacity 35374K, committed 35456K, reserved 1079296K
  class space    used 4396K, capacity 4707K, committed 4736K, reserved 1048576K
}
Event: 5.272 GC heap before
{Heap before GC invocations=11 (full 2):
 PSYoungGen      total 139776K, used 126976K [0x00000000d5c00000, 0x00000000e0180000, 0x0000000100000000)
  eden space 126976K, 100% used [0x00000000d5c00000,0x00000000dd800000,0x00000000dd800000)
  from space 12800K, 0% used [0x00000000df500000,0x00000000df500000,0x00000000e0180000)
  to   space 9728K, 0% used [0x00000000dd800000,0x00000000dd800000,0x00000000de180000)
 ParOldGen       total 60928K, used 14990K [0x0000000081400000, 0x0000000084f80000, 0x00000000d5c00000)
  object space 60928K, 24% used [0x0000000081400000,0x00000000822a3ab8,0x0000000084f80000)
 Metaspace       used 52178K, capacity 54370K, committed 54528K, reserved 1095680K
  class space    used 7172K, capacity 7590K, committed 7680K, reserved 1048576K
Event: 5.284 GC heap after
Heap after GC invocations=11 (full 2):
 PSYoungGen      total 136704K, used 9724K [0x00000000d5c00000, 0x00000000e1a80000, 0x0000000100000000)
  eden space 126976K, 0% used [0x00000000d5c00000,0x00000000d5c00000,0x00000000dd800000)
  from space 9728K, 99% used [0x00000000dd800000,0x00000000de17f0d0,0x00000000de180000)
  to   space 18432K, 0% used [0x00000000e0880000,0x00000000e0880000,0x00000000e1a80000)
 ParOldGen       total 60928K, used 24772K [0x0000000081400000, 0x0000000084f80000, 0x00000000d5c00000)
  object space 60928K, 40% used [0x0000000081400000,0x0000000082c310a0,0x0000000084f80000)
 Metaspace       used 52178K, capacity 54370K, committed 54528K, reserved 1095680K
  class space    used 7172K, capacity 7590K, committed 7680K, reserved 1048576K
}

Deoptimization events (10 events):
Event: 4.212 Thread 0x000000001b445000 Uncommon trap: reason=class_check action=maybe_recompile pc=0x0000000003ada704 method=java.util.AbstractList$Itr.next()Ljava/lang/Object; @ 14
Event: 4.286 Thread 0x000000001b445000 Uncommon trap: reason=bimorphic action=maybe_recompile pc=0x0000000003506e10 method=java.lang.ClassLoader.loadClass(Ljava/lang/String;Z)Ljava/lang/Class; @ 70
Event: 4.287 Thread 0x000000001b445000 Uncommon trap: reason=bimorphic action=maybe_recompile pc=0x0000000003506e10 method=java.lang.ClassLoader.loadClass(Ljava/lang/String;Z)Ljava/lang/Class; @ 70
Event: 4.444 Thread 0x000000001b445000 Uncommon trap: reason=bimorphic action=maybe_recompile pc=0x0000000003506e10 method=java.lang.ClassLoader.loadClass(Ljava/lang/String;Z)Ljava/lang/Class; @ 70
Event: 4.564 Thread 0x000000001b445000 Uncommon trap: reason=bimorphic action=maybe_recompile pc=0x0000000003506e10 method=java.lang.ClassLoader.loadClass(Ljava/lang/String;Z)Ljava/lang/Class; @ 70
Event: 4.707 Thread 0x000000001b445000 Uncommon trap: reason=unstable_if action=reinterpret pc=0x0000000003bee9f0 method=java.lang.Class$MethodArray.addIfNotPresent(Ljava/lang/reflect/Method;)V @ 19
Event: 4.723 Thread 0x000000001b445000 Uncommon trap: reason=unstable_if action=reinterpret pc=0x000000000372c6a4 method=java.lang.reflect.Method.invoke(Ljava/lang/Object;[Ljava/lang/Object;)Ljava/lang/Object; @ 18
Event: 5.028 Thread 0x000000001b445000 Uncommon trap: reason=predicate action=maybe_recompile pc=0x0000000003d024d4 method=java.util.AbstractCollection.containsAll(Ljava/util/Collection;)Z @ 16
Event: 5.086 Thread 0x000000001b445000 Uncommon trap: reason=unstable_if action=reinterpret pc=0x0000000003607e40 method=org.springframework.asm.ClassReader.readUtf(II[C)Ljava/lang/String; @ 41
Event: 5.207 Thread 0x000000001b445000 Uncommon trap: reason=unstable_if action=reinterpret pc=0x0000000003d17dd4 method=org.springframework.util.ConcurrentReferenceHashMap$Segment.restructureIfNecessary(Z)V @ 34

Classes redefined (0 events):
No events

Internal exceptions (10 events):
Event: 5.226 Thread 0x000000001b445000 Exception <a 'java/lang/NoSuchMethodError': java.lang.Object.lambda$toStream$0(Ljava/util/Optional;)Ljava/util/stream/Stream;> (0x00000000dd3d85b0) thrown at [C:\re\workspace\8-2-build-windows-amd64-cygwin\jdk8u201\12322\hotspot\src\share\vm\interpreter\l
Event: 5.227 Thread 0x000000001b445000 Exception <a 'java/lang/NoSuchMethodError': java.lang.Object.of(Ljava/lang/Object;)Ljava/util/stream/Stream;> (0x00000000dd3def38) thrown at [C:\re\workspace\8-2-build-windows-amd64-cygwin\jdk8u201\12322\hotspot\src\share\vm\interpreter\linkResolver.cpp, 
Event: 5.227 Thread 0x000000001b445000 Exception <a 'java/lang/NoSuchMethodError': java.lang.Object.empty()Ljava/util/stream/Stream;> (0x00000000dd3e1a98) thrown at [C:\re\workspace\8-2-build-windows-amd64-cygwin\jdk8u201\12322\hotspot\src\share\vm\interpreter\linkResolver.cpp, line 620]
Event: 5.228 Thread 0x000000001b445000 Exception <a 'java/lang/NoSuchMethodError': java.lang.Object.fromNullable(Ljava/lang/Object;)Ljava/util/stream/Stream;> (0x00000000dd3efd00) thrown at [C:\re\workspace\8-2-build-windows-amd64-cygwin\jdk8u201\12322\hotspot\src\share\vm\interpreter\linkReso
Event: 5.239 Thread 0x000000001b445000 Exception <a 'java/lang/NoSuchMethodError': java.lang.Object.lambda$direct$0(Lorg/springframework/data/repository/core/support/MethodLookup$InvokedMethod;Ljava/lang/reflect/Method;)Z> (0x00000000dd4d6078) thrown at [C:\re\workspace\8-2-build-windows-amd64
Event: 5.240 Thread 0x000000001b445000 Exception <a 'java/lang/NoSuchMethodError': java.lang.Object.lambda$direct$1(Lorg/springframework/data/repository/core/support/MethodLookup$MethodPredicate;)Ljava/util/List;> (0x00000000dd4d9200) thrown at [C:\re\workspace\8-2-build-windows-amd64-cygwin\j
Event: 5.241 Thread 0x000000001b445000 Exception <a 'java/lang/NoSuchMethodError': java.lang.Object.lambda$and$0(Lorg/springframework/data/repository/core/support/MethodLookup;)Ljava/util/List;> (0x00000000dd4f2af8) thrown at [C:\re\workspace\8-2-build-windows-amd64-cygwin\jdk8u201\12322\hotsp
Event: 5.245 Thread 0x000000001b445000 Exception <a 'java/lang/IncompatibleClassChangeError': Found class java.lang.Object, but interface was expected> (0x00000000dd573358) thrown at [C:\re\workspace\8-2-build-windows-amd64-cygwin\jdk8u201\12322\hotspot\src\share\vm\interpreter\linkResolver.cp
Event: 5.268 Thread 0x000000001b445000 Exception <a 'java/lang/NoSuchMethodError': java.lang.Object.lambda$map$1(Ljava/util/function/Function;)Ljava/util/stream/Stream;> (0x00000000dd7b5980) thrown at [C:\re\workspace\8-2-build-windows-amd64-cygwin\jdk8u201\12322\hotspot\src\share\vm\interpret
Event: 5.317 Thread 0x000000001b445000 Exception <a 'java/lang/reflect/InvocationTargetException'> (0x00000000d5df7c80) thrown at [C:\re\workspace\8-2-build-windows-amd64-cygwin\jdk8u201\12322\hotspot\src\share\vm\runtime\reflection.cpp, line 1092]

Events (10 events):
Event: 5.318 loading class org/springframework/data/jpa/repository/query/PartTreeJpaQuery$CountQueryPreparer
Event: 5.318 loading class org/springframework/data/jpa/repository/query/PartTreeJpaQuery$CountQueryPreparer done
Event: 5.318 loading class org/springframework/data/jpa/repository/query/JpaQueryExecution$DeleteExecution
Event: 5.318 loading class org/springframework/data/jpa/repository/query/JpaQueryExecution$DeleteExecution done
Event: 5.318 loading class org/springframework/data/jpa/repository/query/JpaQueryExecution$ExistsExecution
Event: 5.318 loading class org/springframework/data/jpa/repository/query/JpaQueryExecution$ExistsExecution done
Event: 5.318 loading class org/springframework/data/jpa/repository/query/ParameterBinder
Event: 5.318 loading class org/springframework/data/jpa/repository/query/ParameterBinder done
Event: 5.318 loading class org/springframework/data/jpa/repository/query/ParameterBinder
Event: 5.318 loading class org/springframework/data/jpa/repository/query/ParameterBinder done


Dynamic libraries:
0x00007ff6f6230000 - 0x00007ff6f6267000 	C:\Program Files\Java\jre1.8.0_201\bin\javaw.exe
0x00007fff35e50000 - 0x00007fff36031000 	C:\WINDOWS\SYSTEM32\ntdll.dll
0x00007fff335a0000 - 0x00007fff33651000 	C:\WINDOWS\System32\KERNEL32.DLL
0x00007fff32e50000 - 0x00007fff330c3000 	C:\WINDOWS\System32\KERNELBASE.dll
0x00007fff334f0000 - 0x00007fff33591000 	C:\WINDOWS\System32\ADVAPI32.dll
0x00007fff35c80000 - 0x00007fff35d1e000 	C:\WINDOWS\System32\msvcrt.dll
0x00007fff33680000 - 0x00007fff336db000 	C:\WINDOWS\System32\sechost.dll
0x00007fff339a0000 - 0x00007fff33ac4000 	C:\WINDOWS\System32\RPCRT4.dll
0x00007fff336e0000 - 0x00007fff33870000 	C:\WINDOWS\System32\USER32.dll
0x00007fff331c0000 - 0x00007fff331e0000 	C:\WINDOWS\System32\win32u.dll
0x00007fff34320000 - 0x00007fff34348000 	C:\WINDOWS\System32\GDI32.dll
0x00007fff32c30000 - 0x00007fff32dc1000 	C:\WINDOWS\System32\gdi32full.dll
0x00007fff33120000 - 0x00007fff331bf000 	C:\WINDOWS\System32\msvcp_win.dll
0x00007fff331e0000 - 0x00007fff332d8000 	C:\WINDOWS\System32\ucrtbase.dll
0x00007fff25630000 - 0x00007fff25899000 	C:\WINDOWS\WinSxS\amd64_microsoft.windows.common-controls_6595b64144ccf1df_6.0.17134.829_none_fb46a5473061b9d5\COMCTL32.dll
0x00007fff35950000 - 0x00007fff35c72000 	C:\WINDOWS\System32\combase.dll
0x00007fff32dd0000 - 0x00007fff32e4a000 	C:\WINDOWS\System32\bcryptPrimitives.dll
0x00007fff332e0000 - 0x00007fff3330d000 	C:\WINDOWS\System32\IMM32.DLL
0x0000000057970000 - 0x0000000057a41000 	C:\Program Files\Java\jre1.8.0_201\bin\msvcr100.dll
0x00000000570c0000 - 0x0000000057964000 	C:\Program Files\Java\jre1.8.0_201\bin\server\jvm.dll
0x00007fff34350000 - 0x00007fff34358000 	C:\WINDOWS\System32\PSAPI.DLL
0x00007fff17630000 - 0x00007fff17639000 	C:\WINDOWS\SYSTEM32\WSOCK32.dll
0x00007fff2d1b0000 - 0x00007fff2d1d3000 	C:\WINDOWS\SYSTEM32\WINMM.dll
0x00007fff2a8c0000 - 0x00007fff2a8ca000 	C:\WINDOWS\SYSTEM32\VERSION.dll
0x00007fff35db0000 - 0x00007fff35e1c000 	C:\WINDOWS\System32\WS2_32.dll
0x00007fff2d180000 - 0x00007fff2d1aa000 	C:\WINDOWS\SYSTEM32\WINMMBASE.dll
0x00007fff330d0000 - 0x00007fff33119000 	C:\WINDOWS\System32\cfgmgr32.dll
0x00007fff1caf0000 - 0x00007fff1caff000 	C:\Program Files\Java\jre1.8.0_201\bin\verify.dll
0x00007ffefa970000 - 0x00007ffefa999000 	C:\Program Files\Java\jre1.8.0_201\bin\java.dll
0x00007fff19760000 - 0x00007fff19776000 	C:\Program Files\Java\jre1.8.0_201\bin\zip.dll
0x00007fff34410000 - 0x00007fff35850000 	C:\WINDOWS\System32\SHELL32.dll
0x00007fff34360000 - 0x00007fff34409000 	C:\WINDOWS\System32\shcore.dll
0x00007fff32330000 - 0x00007fff32a3d000 	C:\WINDOWS\System32\windows.storage.dll
0x00007fff33310000 - 0x00007fff33361000 	C:\WINDOWS\System32\shlwapi.dll
0x00007fff321e0000 - 0x00007fff321f1000 	C:\WINDOWS\System32\kernel.appcore.dll
0x00007fff32200000 - 0x00007fff3221f000 	C:\WINDOWS\System32\profapi.dll
0x00007fff32160000 - 0x00007fff321ac000 	C:\WINDOWS\System32\powrprof.dll
0x00007fff321b0000 - 0x00007fff321ba000 	C:\WINDOWS\System32\FLTLIB.DLL
0x00007fff27010000 - 0x00007fff2701d000 	C:\Program Files\Java\jre1.8.0_201\bin\management.dll
0x00007ffef96e0000 - 0x00007ffef96fa000 	C:\Program Files\Java\jre1.8.0_201\bin\net.dll
0x00007fff22410000 - 0x00007fff225d9000 	C:\WINDOWS\SYSTEM32\urlmon.dll
0x00007fff235b0000 - 0x00007fff23856000 	C:\WINDOWS\SYSTEM32\iertutil.dll
0x00007fff31bb0000 - 0x00007fff31bbb000 	C:\WINDOWS\SYSTEM32\CRYPTBASE.DLL
0x00007fff319e0000 - 0x00007fff31a46000 	C:\WINDOWS\system32\mswsock.dll
0x00007ffef96c0000 - 0x00007ffef96d6000 	C:\WINDOWS\system32\napinsp.dll
0x00007ffef9630000 - 0x00007ffef964a000 	C:\WINDOWS\system32\pnrpnsp.dll
0x00007fff2eda0000 - 0x00007fff2edb9000 	C:\WINDOWS\system32\NLAapi.dll
0x00007fff317b0000 - 0x00007fff3186e000 	C:\WINDOWS\SYSTEM32\DNSAPI.dll
0x00007fff35850000 - 0x00007fff35858000 	C:\WINDOWS\System32\NSI.dll
0x00007fff31770000 - 0x00007fff317a8000 	C:\WINDOWS\SYSTEM32\IPHLPAPI.DLL
0x00007ffef9620000 - 0x00007ffef962e000 	C:\WINDOWS\System32\winrnr.dll
0x00007fff2c6a0000 - 0x00007fff2c6b5000 	C:\WINDOWS\System32\wshbth.dll
0x00007fff27460000 - 0x00007fff2746a000 	C:\Windows\System32\rasadhlp.dll
0x00007fff27360000 - 0x00007fff273d2000 	C:\WINDOWS\System32\fwpuclnt.dll
0x00007fff31cc0000 - 0x00007fff31ce5000 	C:\WINDOWS\SYSTEM32\bcrypt.dll
0x00007ffef9600000 - 0x00007ffef9611000 	C:\Program Files\Java\jre1.8.0_201\bin\nio.dll
0x00007fff31b90000 - 0x00007fff31ba7000 	C:\WINDOWS\SYSTEM32\CRYPTSP.dll
0x00007fff315d0000 - 0x00007fff31603000 	C:\WINDOWS\system32\rsaenh.dll
0x00007fff32090000 - 0x00007fff320b8000 	C:\WINDOWS\SYSTEM32\USERENV.dll
0x00007fff2a9d0000 - 0x00007fff2a9e6000 	C:\WINDOWS\SYSTEM32\dhcpcsvc6.DLL
0x00007fff2a7a0000 - 0x00007fff2a7ba000 	C:\WINDOWS\SYSTEM32\dhcpcsvc.DLL

VM Arguments:
jvm_args: -Dfile.encoding=UTF-8 
java_command: com.SkyscraperInfo.SkyscraperInfoApplication
java_class_path (initial): D:\NBA Player Stats\NBAStats\target\classes;C:\Users\allen\.m2\repository\org\springframework\boot\spring-boot-starter-data-jpa\2.1.6.RELEASE\spring-boot-starter-data-jpa-2.1.6.RELEASE.jar;C:\Users\allen\.m2\repository\org\springframework\boot\spring-boot-starter-aop\2.1.6.RELEASE\spring-boot-starter-aop-2.1.6.RELEASE.jar;C:\Users\allen\.m2\repository\org\springframework\spring-aop\5.1.8.RELEASE\spring-aop-5.1.8.RELEASE.jar;C:\Users\allen\.m2\repository\org\aspectj\aspectjweaver\1.9.4\aspectjweaver-1.9.4.jar;C:\Users\allen\.m2\repository\org\springframework\boot\spring-boot-starter-jdbc\2.1.6.RELEASE\spring-boot-starter-jdbc-2.1.6.RELEASE.jar;C:\Users\allen\.m2\repository\com\zaxxer\HikariCP\3.2.0\HikariCP-3.2.0.jar;C:\Users\allen\.m2\repository\org\springframework\spring-jdbc\5.1.8.RELEASE\spring-jdbc-5.1.8.RELEASE.jar;C:\Users\allen\.m2\repository\javax\transaction\javax.transaction-api\1.3\javax.transaction-api-1.3.jar;C:\Users\allen\.m2\repository\javax\xml\bind\jaxb-api\2.3.1\jaxb-api-2.3.1.jar;C:\Users\allen\.m2\repository\javax\activation\javax.activation-api\1.2.0\javax.activation-api-1.2.0.jar;C:\Users\allen\.m2\repository\org\hibernate\hibernate-core\5.3.10.Final\hibernate-core-5.3.10.Final.jar;C:\Users\allen\.m2\repository\org\jboss\logging\jboss-logging\3.3.2.Final\jboss-logging-3.3.2.Final.jar;C:\Users\allen\.m2\repository\javax\persistence\javax.persistence-api\2.2\javax.persistence-api-2.2.jar;C:\Users\allen\.m2\repository\org\javassist\javassist\3.23.2-GA\javassist-3.23.2-GA.jar;C:\Users\allen\.m2\repository\net\bytebuddy\byte-buddy\1.9.13\byte-buddy-1.9.13.jar;C:\Users\allen\.m2\repository\antlr\antlr\2.7.7\antlr-2.7.7.jar;C:\Users\allen\.m2\repository\org\jboss\jandex\2.0.5.Final\jandex-2.0.5.Final.jar;C:\Users\allen\.m2\repository\com\fasterxml\classmate\1.4.0\classmate-1.4.0.jar;C:\Users\allen\.m2\repository\org\dom4j\dom4j\2.1.1\dom4j-2.1.1.jar;C:\Users\allen\.m2\repository\org\hibernate\common\hibernate-commons-anno
Launcher Type: SUN_STANDARD

Environment Variables:
PATH=C:/Program Files/Java/jre1.8.0_201/bin/server;C:/Program Files/Java/jre1.8.0_201/bin;C:/Program Files/Java/jre1.8.0_201/lib/amd64;C:\Program Files (x86)\Common Files\Oracle\Java\javapath;C:\Program Files (x86)\Intel\iCLS Client\;C:\Program Files\Intel\iCLS Client\;C:\Windows\system32;C:\Windows;C:\Windows\System32\Wbem;C:\Windows\System32\WindowsPowerShell\v1.0\;C:\Program Files (x86)\NVIDIA Corporation\PhysX\Common;C:\Program Files (x86)\Intel\Intel(R) Management Engine Components\DAL;C:\Program Files\Intel\Intel(R) Management Engine Components\DAL;C:\Program Files (x86)\Intel\Intel(R) Management Engine Components\IPT;C:\Program Files\Intel\Intel(R) Management Engine Components\IPT;C:\Program Files\Intel\WiFi\bin\;C:\Program Files\Common Files\Intel\WirelessCommon\;C:\WINDOWS\system32;C:\WINDOWS;C:\WINDOWS\System32\Wbem;C:\WINDOWS\System32\WindowsPowerShell\v1.0\;C:\Program Files\dotnet\;C:\Program Files\Microsoft SQL Server\130\Tools\Binn\;C:\WINDOWS\System32\OpenSSH\;C:\MinGW\bin;D:\;C:\Opencv\opencv\build\x64\vc15\bin;C:\CMake\bin;C:\Program Files\Java\jdk-11.0.2\bin;D:\Git\cmd;C:\Users\allen\AppData\Local\Microsoft\WindowsApps;D:\Microsoft VS Code\bin;C:\Users\allen\AppData\Roaming\npm;C:\Program Files\Java\jdk-11.0.2\bin;;C:\WINDOWS\system32;
USERNAME=allen
OS=Windows_NT
PROCESSOR_IDENTIFIER=Intel64 Family 6 Model 158 Stepping 9, GenuineIntel



---------------  S Y S T E M  ---------------

OS: Windows 10.0 , 64 bit Build 17134 (10.0.17134.753)

CPU:total 8 (initial active 8) (4 cores per cpu, 2 threads per core) family 6 model 158 stepping 9, cmov, cx8, fxsr, mmx, sse, sse2, sse3, ssse3, sse4.1, sse4.2, popcnt, avx, avx2, aes, clmul, erms, 3dnowpref, lzcnt, ht, tsc, tscinvbit, bmi1, bmi2, adx

Memory: 4k page, physical 8306424k(1108232k free), swap 33472248k(5408k free)

vm_info: Java HotSpot(TM) 64-Bit Server VM (25.201-b09) for windows-amd64 JRE (1.8.0_201-b09), built on Dec 15 2018 18:36:39 by "java_re" with MS VC++ 10.0 (VS2010)

time: Sun Jul 07 14:34:07 2019
timezone: Central America Standard Time
elapsed time: 5 seconds (0d 0h 0m 5s)

