#
# There is insufficient memory for the Java Runtime Environment to continue.
# Native memory allocation (malloc) failed to allocate 1131936 bytes for Chunk::new
# Possible reasons:
#   The system is out of physical RAM or swap space
#   The process is running with CompressedOops enabled, and the Java Heap may be blocking the growth of the native heap
# Possible solutions:
#   Reduce memory load on the system
#   Increase physical memory or swap space
#   Check if swap backing store is full
#   Decrease Java heap size (-Xmx/-Xms)
#   Decrease number of Java threads
#   Decrease Java thread stack sizes (-Xss)
#   Set larger code cache with -XX:ReservedCodeCacheSize=
#   JVM is running with Unscaled Compressed Oops mode in which the Java heap is
#     placed in the first 4GB address space. The Java Heap base address is the
#     maximum limit for the native heap growth. Please use -XX:HeapBaseMinAddress
#     to set the Java Heap base and to place the Java Heap above 4GB virtual address.
# This output file may be truncated or incomplete.
#
#  Out of Memory Error (allocation.cpp:390), pid=16060, tid=0x0000000000003468
#
# JRE version: Java(TM) SE Runtime Environment (8.0_201-b09) (build 1.8.0_201-b09)
# Java VM: Java HotSpot(TM) 64-Bit Server VM (25.201-b09 mixed mode windows-amd64 compressed oops)
# Failed to write core dump. Minidumps are not enabled by default on client versions of Windows
#

---------------  T H R E A D  ---------------

Current thread (0x0000000019734800):  JavaThread "C2 CompilerThread2" daemon [_thread_in_native, id=13416, stack(0x000000001a0f0000,0x000000001a1f0000)]

Stack: [0x000000001a0f0000,0x000000001a1f0000]
[error occurred during error reporting (printing stack bounds), id 0xc0000005]

Native frames: (J=compiled Java code, j=interpreted, Vv=VM code, C=native code)


Current CompileTask:
C2:   4559 4148   !   4       org.springframework.core.annotation.AnnotatedElementUtils::searchWithFindSemantics (774 bytes)


---------------  P R O C E S S  ---------------

Java Threads: ( => current thread )
  0x000000001f8a5000 JavaThread "Live Reload Server" daemon [_thread_in_native, id=11156, stack(0x00000000231d0000,0x00000000232d0000)]
  0x000000001f8a9800 JavaThread "HikariPool-1 connection adder" daemon [_thread_blocked, id=8284, stack(0x00000000224a0000,0x00000000225a0000)]
  0x000000001f8a6000 JavaThread "HikariPool-1 housekeeper" daemon [_thread_blocked, id=472, stack(0x00000000223a0000,0x00000000224a0000)]
  0x000000001f8ab000 JavaThread "mysql-cj-abandoned-connection-cleanup" daemon [_thread_blocked, id=20904, stack(0x0000000021ea0000,0x0000000021fa0000)]
  0x000000001f8a8000 JavaThread "container-0" [_thread_blocked, id=13616, stack(0x0000000021da0000,0x0000000021ea0000)]
  0x000000001f8a9000 JavaThread "Catalina-utility-2" [_thread_blocked, id=19736, stack(0x0000000020c00000,0x0000000020d00000)]
  0x000000001f8aa800 JavaThread "Catalina-utility-1" [_thread_blocked, id=7480, stack(0x00000000208d0000,0x00000000209d0000)]
  0x000000001a778800 JavaThread "restartedMain" [_thread_in_native, id=7324, stack(0x000000001af30000,0x000000001b030000)]
  0x000000001a778000 JavaThread "Thread-0" [_thread_blocked, id=1612, stack(0x000000001ae30000,0x000000001af30000)]
  0x00000000197cb800 JavaThread "Service Thread" daemon [_thread_blocked, id=19676, stack(0x000000001a2f0000,0x000000001a3f0000)]
  0x0000000019747000 JavaThread "C1 CompilerThread3" daemon [_thread_blocked, id=15684, stack(0x000000001a1f0000,0x000000001a2f0000)]
=>0x0000000019734800 JavaThread "C2 CompilerThread2" daemon [_thread_in_native, id=13416, stack(0x000000001a0f0000,0x000000001a1f0000)]
  0x0000000019733800 JavaThread "C2 CompilerThread1" daemon [_thread_in_native, id=15544, stack(0x0000000019ff0000,0x000000001a0f0000)]
  0x0000000019730800 JavaThread "C2 CompilerThread0" daemon [_thread_in_native, id=21472, stack(0x0000000019ef0000,0x0000000019ff0000)]
  0x000000001972f000 JavaThread "Attach Listener" daemon [_thread_blocked, id=3788, stack(0x0000000019df0000,0x0000000019ef0000)]
  0x000000001972e000 JavaThread "Signal Dispatcher" daemon [_thread_blocked, id=14692, stack(0x0000000019cf0000,0x0000000019df0000)]
  0x000000000285d800 JavaThread "Finalizer" daemon [_thread_blocked, id=11108, stack(0x0000000019b00000,0x0000000019c00000)]
  0x000000001781d000 JavaThread "Reference Handler" daemon [_thread_blocked, id=3860, stack(0x0000000019600000,0x0000000019700000)]
  0x0000000002765000 JavaThread "main" [_thread_blocked, id=10504, stack(0x0000000002660000,0x0000000002760000)]

Other Threads:
  0x0000000017818800 VMThread [stack: 0x0000000019500000,0x0000000019600000] [id=16364]
  0x00000000197df000 WatcherThread [stack: 0x000000001a3f0000,0x000000001a4f0000] [id=11728]

VM state:not at safepoint (normal execution)

VM Mutex/Monitor currently owned by a thread: None

heap address: 0x0000000081400000, size: 2028 MB, Compressed Oops mode: 32-bit
Narrow klass base: 0x0000000000000000, Narrow klass shift: 3
Compressed class space size: 1073741824 Address: 0x0000000100000000

Heap:
 PSYoungGen      total 162816K, used 39544K [0x00000000d5c00000, 0x00000000e3800000, 0x0000000100000000)
  eden space 148992K, 17% used [0x00000000d5c00000,0x00000000d75200f8,0x00000000ded80000)
  from space 13824K, 99% used [0x00000000ded80000,0x00000000dfafe2a8,0x00000000dfb00000)
  to   space 19456K, 0% used [0x00000000e2500000,0x00000000e2500000,0x00000000e3800000)
 ParOldGen       total 94208K, used 22501K [0x0000000081400000, 0x0000000087000000, 0x00000000d5c00000)
  object space 94208K, 23% used [0x0000000081400000,0x00000000829f97e0,0x0000000087000000)
 Metaspace       used 55046K, capacity 57568K, committed 57728K, reserved 1099776K
  class space    used 7574K, capacity 8047K, committed 8064K, reserved 1048576K

Card table byte_map: [0x0000000011c20000,0x0000000012020000] byte_map_base: 0x0000000011816000

Marking Bits: (ParMarkBitMap*) 0x00000000578e4ce0
 Begin Bits: [0x0000000012ad0000, 0x0000000014a80000)
 End Bits:   [0x0000000014a80000, 0x0000000016a30000)

Polling page: 0x0000000000700000

CodeCache: size=245760Kb used=15579Kb max_used=15579Kb free=230180Kb
 bounds [0x0000000002860000, 0x00000000037a0000, 0x0000000011860000]
 total_blobs=4748 nmethods=4218 adapters=441
 compilation: enabled

Compilation events (10 events):
Event: 4.444 Thread 0x0000000019747000 nmethod 4275 0x0000000003784cd0 code [0x0000000003784e40, 0x00000000037850b0]
Event: 4.444 Thread 0x0000000019747000 4276       3       org.springframework.core.annotation.OrderUtils::getOrder (85 bytes)
Event: 4.445 Thread 0x0000000019747000 nmethod 4276 0x0000000003785290 code [0x0000000003785540, 0x0000000003786818]
Event: 4.448 Thread 0x0000000019747000 4277   !   3       org.springframework.core.annotation.AnnotationUtils::findAnnotation (101 bytes)
Event: 4.449 Thread 0x0000000019747000 nmethod 4277 0x0000000003787210 code [0x0000000003787440, 0x0000000003788038]
Event: 4.449 Thread 0x0000000019747000 4278       3       org.springframework.beans.factory.support.AbstractBeanFactory::getBean (9 bytes)
Event: 4.449 Thread 0x0000000019747000 nmethod 4278 0x00000000037886d0 code [0x0000000003788840, 0x0000000003788a68]
Event: 4.451 Thread 0x0000000019747000 4279       3       org.springframework.asm.ClassReader::<init> (9 bytes)
Event: 4.451 Thread 0x0000000019747000 nmethod 4279 0x0000000003788b10 code [0x0000000003788c80, 0x0000000003788e88]
Event: 4.451 Thread 0x0000000019747000 4282       3       org.springframework.asm.ClassReader::accept (1250 bytes)

GC Heap History (10 events):
Event: 1.248 GC heap before
{Heap before GC invocations=7 (full 1):
 PSYoungGen      total 71680K, used 66560K [0x00000000d5c00000, 0x00000000df100000, 0x0000000100000000)
  eden space 66560K, 100% used [0x00000000d5c00000,0x00000000d9d00000,0x00000000d9d00000)
  from space 5120K, 0% used [0x00000000d9d00000,0x00000000d9d00000,0x00000000da200000)
  to   space 9728K, 0% used [0x00000000de780000,0x00000000de780000,0x00000000df100000)
 ParOldGen       total 60416K, used 8297K [0x0000000081400000, 0x0000000084f00000, 0x00000000d5c00000)
  object space 60416K, 13% used [0x0000000081400000,0x0000000081c1a648,0x0000000084f00000)
 Metaspace       used 23307K, capacity 23978K, committed 24320K, reserved 1071104K
  class space    used 3034K, capacity 3220K, committed 3328K, reserved 1048576K
Event: 1.250 GC heap after
Heap after GC invocations=7 (full 1):
 PSYoungGen      total 104960K, used 3488K [0x00000000d5c00000, 0x00000000deb00000, 0x0000000100000000)
  eden space 101376K, 0% used [0x00000000d5c00000,0x00000000d5c00000,0x00000000dbf00000)
  from space 3584K, 97% used [0x00000000de780000,0x00000000deae8200,0x00000000deb00000)
  to   space 9728K, 0% used [0x00000000dd800000,0x00000000dd800000,0x00000000de180000)
 ParOldGen       total 60416K, used 8369K [0x0000000081400000, 0x0000000084f00000, 0x00000000d5c00000)
  object space 60416K, 13% used [0x0000000081400000,0x0000000081c2c658,0x0000000084f00000)
 Metaspace       used 23307K, capacity 23978K, committed 24320K, reserved 1071104K
  class space    used 3034K, capacity 3220K, committed 3328K, reserved 1048576K
}
Event: 2.356 GC heap before
{Heap before GC invocations=8 (full 1):
 PSYoungGen      total 104960K, used 104864K [0x00000000d5c00000, 0x00000000deb00000, 0x0000000100000000)
  eden space 101376K, 100% used [0x00000000d5c00000,0x00000000dbf00000,0x00000000dbf00000)
  from space 3584K, 97% used [0x00000000de780000,0x00000000deae8200,0x00000000deb00000)
  to   space 9728K, 0% used [0x00000000dd800000,0x00000000dd800000,0x00000000de180000)
 ParOldGen       total 60416K, used 8369K [0x0000000081400000, 0x0000000084f00000, 0x00000000d5c00000)
  object space 60416K, 13% used [0x0000000081400000,0x0000000081c2c658,0x0000000084f00000)
 Metaspace       used 31006K, capacity 32576K, committed 32896K, reserved 1077248K
  class space    used 4082K, capacity 4386K, committed 4480K, reserved 1048576K
Event: 2.365 GC heap after
Heap after GC invocations=8 (full 1):
 PSYoungGen      total 136704K, used 9722K [0x00000000d5c00000, 0x00000000e0780000, 0x0000000100000000)
  eden space 126976K, 0% used [0x00000000d5c00000,0x00000000d5c00000,0x00000000dd800000)
  from space 9728K, 99% used [0x00000000dd800000,0x00000000de17eba0,0x00000000de180000)
  to   space 12800K, 0% used [0x00000000dfb00000,0x00000000dfb00000,0x00000000e0780000)
 ParOldGen       total 60416K, used 11425K [0x0000000081400000, 0x0000000084f00000, 0x00000000d5c00000)
  object space 60416K, 18% used [0x0000000081400000,0x0000000081f285e0,0x0000000084f00000)
 Metaspace       used 31006K, capacity 32576K, committed 32896K, reserved 1077248K
  class space    used 4082K, capacity 4386K, committed 4480K, reserved 1048576K
}
Event: 2.695 GC heap before
{Heap before GC invocations=9 (full 1):
 PSYoungGen      total 136704K, used 107063K [0x00000000d5c00000, 0x00000000e0780000, 0x0000000100000000)
  eden space 126976K, 76% used [0x00000000d5c00000,0x00000000dbb0f300,0x00000000dd800000)
  from space 9728K, 99% used [0x00000000dd800000,0x00000000de17eba0,0x00000000de180000)
  to   space 12800K, 0% used [0x00000000dfb00000,0x00000000dfb00000,0x00000000e0780000)
 ParOldGen       total 60416K, used 11425K [0x0000000081400000, 0x0000000084f00000, 0x00000000d5c00000)
  object space 60416K, 18% used [0x0000000081400000,0x0000000081f285e0,0x0000000084f00000)
 Metaspace       used 33814K, capacity 35378K, committed 35456K, reserved 1079296K
  class space    used 4402K, capacity 4707K, committed 4736K, reserved 1048576K
Event: 2.704 GC heap after
Heap after GC invocations=9 (full 1):
 PSYoungGen      total 161792K, used 10664K [0x00000000d5c00000, 0x00000000e3080000, 0x0000000100000000)
  eden space 148992K, 0% used [0x00000000d5c00000,0x00000000d5c00000,0x00000000ded80000)
  from space 12800K, 83% used [0x00000000dfb00000,0x00000000e056a1d8,0x00000000e0780000)
  to   space 13824K, 0% used [0x00000000ded80000,0x00000000ded80000,0x00000000dfb00000)
 ParOldGen       total 60416K, used 11433K [0x0000000081400000, 0x0000000084f00000, 0x00000000d5c00000)
  object space 60416K, 18% used [0x0000000081400000,0x0000000081f2a5e0,0x0000000084f00000)
 Metaspace       used 33814K, capacity 35378K, committed 35456K, reserved 1079296K
  class space    used 4402K, capacity 4707K, committed 4736K, reserved 1048576K
}
Event: 2.704 GC heap before
{Heap before GC invocations=10 (full 2):
 PSYoungGen      total 161792K, used 10664K [0x00000000d5c00000, 0x00000000e3080000, 0x0000000100000000)
  eden space 148992K, 0% used [0x00000000d5c00000,0x00000000d5c00000,0x00000000ded80000)
  from space 12800K, 83% used [0x00000000dfb00000,0x00000000e056a1d8,0x00000000e0780000)
  to   space 13824K, 0% used [0x00000000ded80000,0x00000000ded80000,0x00000000dfb00000)
 ParOldGen       total 60416K, used 11433K [0x0000000081400000, 0x0000000084f00000, 0x00000000d5c00000)
  object space 60416K, 18% used [0x0000000081400000,0x0000000081f2a5e0,0x0000000084f00000)
 Metaspace       used 33814K, capacity 35378K, committed 35456K, reserved 1079296K
  class space    used 4402K, capacity 4707K, committed 4736K, reserved 1048576K
Event: 2.758 GC heap after
Heap after GC invocations=10 (full 2):
 PSYoungGen      total 161792K, used 0K [0x00000000d5c00000, 0x00000000e3080000, 0x0000000100000000)
  eden space 148992K, 0% used [0x00000000d5c00000,0x00000000d5c00000,0x00000000ded80000)
  from space 12800K, 0% used [0x00000000dfb00000,0x00000000dfb00000,0x00000000e0780000)
  to   space 13824K, 0% used [0x00000000ded80000,0x00000000ded80000,0x00000000dfb00000)
 ParOldGen       total 94208K, used 14681K [0x0000000081400000, 0x0000000087000000, 0x00000000d5c00000)
  object space 94208K, 15% used [0x0000000081400000,0x00000000822565d8,0x0000000087000000)
 Metaspace       used 33814K, capacity 35378K, committed 35456K, reserved 1079296K
  class space    used 4402K, capacity 4707K, committed 4736K, reserved 1048576K
}
Event: 4.233 GC heap before
{Heap before GC invocations=11 (full 2):
 PSYoungGen      total 161792K, used 148992K [0x00000000d5c00000, 0x00000000e3080000, 0x0000000100000000)
  eden space 148992K, 100% used [0x00000000d5c00000,0x00000000ded80000,0x00000000ded80000)
  from space 12800K, 0% used [0x00000000dfb00000,0x00000000dfb00000,0x00000000e0780000)
  to   space 13824K, 0% used [0x00000000ded80000,0x00000000ded80000,0x00000000dfb00000)
 ParOldGen       total 94208K, used 14681K [0x0000000081400000, 0x0000000087000000, 0x00000000d5c00000)
  object space 94208K, 15% used [0x0000000081400000,0x00000000822565d8,0x0000000087000000)
 Metaspace       used 53726K, capacity 56136K, committed 56320K, reserved 1097728K
  class space    used 7392K, capacity 7843K, committed 7936K, reserved 1048576K
Event: 4.249 GC heap after
Heap after GC invocations=11 (full 2):
 PSYoungGen      total 162816K, used 13816K [0x00000000d5c00000, 0x00000000e3800000, 0x0000000100000000)
  eden space 148992K, 0% used [0x00000000d5c00000,0x00000000d5c00000,0x00000000ded80000)
  from space 13824K, 99% used [0x00000000ded80000,0x00000000dfafe2a8,0x00000000dfb00000)
  to   space 19456K, 0% used [0x00000000e2500000,0x00000000e2500000,0x00000000e3800000)
 ParOldGen       total 94208K, used 22501K [0x0000000081400000, 0x0000000087000000, 0x00000000d5c00000)
  object space 94208K, 23% used [0x0000000081400000,0x00000000829f97e0,0x0000000087000000)
 Metaspace       used 53726K, capacity 56136K, committed 56320K, reserved 1097728K
  class space    used 7392K, capacity 7843K, committed 7936K, reserved 1048576K
}

Deoptimization events (10 events):
Event: 4.255 Thread 0x000000001a778800 Uncommon trap: reason=null_check action=make_not_entrant pc=0x000000000370a614 method=org.springframework.core.annotation.AnnotatedElementUtils.searchWithFindSemantics(Ljava/lang/reflect/AnnotatedElement;Ljava/util/Set;Ljava/lang/String;Ljava/lang/Class;L
Event: 4.277 Thread 0x000000001a778800 Uncommon trap: reason=class_check action=maybe_recompile pc=0x0000000003699c2c method=sun.reflect.generics.reflectiveObjects.TypeVariableImpl.hashCode()I @ 4
Event: 4.277 Thread 0x000000001a778800 Uncommon trap: reason=class_check action=maybe_recompile pc=0x0000000003699c2c method=sun.reflect.generics.reflectiveObjects.TypeVariableImpl.hashCode()I @ 4
Event: 4.277 Thread 0x000000001a778800 Uncommon trap: reason=class_check action=maybe_recompile pc=0x0000000003699c2c method=sun.reflect.generics.reflectiveObjects.TypeVariableImpl.hashCode()I @ 4
Event: 4.277 Thread 0x000000001a778800 Uncommon trap: reason=class_check action=maybe_recompile pc=0x0000000003699c2c method=sun.reflect.generics.reflectiveObjects.TypeVariableImpl.hashCode()I @ 4
Event: 4.279 Thread 0x000000001a778800 Uncommon trap: reason=unstable_if action=reinterpret pc=0x000000000345a264 method=java.util.concurrent.ConcurrentHashMap.putVal(Ljava/lang/Object;Ljava/lang/Object;Z)Ljava/lang/Object; @ 331
Event: 4.280 Thread 0x000000001a778800 Uncommon trap: reason=unstable_if action=reinterpret pc=0x00000000034eef68 method=java.util.concurrent.ConcurrentHashMap.get(Ljava/lang/Object;)Ljava/lang/Object; @ 86
Event: 4.406 Thread 0x000000001a778800 Uncommon trap: reason=unstable_if action=reinterpret pc=0x000000000374552c method=org.springframework.beans.factory.support.AbstractBeanFactory.isTypeMatch(Ljava/lang/String;Lorg/springframework/core/ResolvableType;)Z @ 26
Event: 4.407 Thread 0x000000001a778800 Uncommon trap: reason=unstable_if action=reinterpret pc=0x0000000002c82740 method=java.util.concurrent.ConcurrentHashMap.transfer([Ljava/util/concurrent/ConcurrentHashMap$Node;[Ljava/util/concurrent/ConcurrentHashMap$Node;)V @ 356
Event: 4.445 Thread 0x000000001a778800 Uncommon trap: reason=unstable_if action=reinterpret pc=0x0000000002efa478 method=java.io.WinNTFileSystem.isLetter(C)Z @ 3

Classes redefined (0 events):
No events

Internal exceptions (10 events):
Event: 4.174 Thread 0x000000001a778800 Exception <a 'java/lang/ClassNotFoundException': org/springframework/boot/autoconfigure/web/servlet/WebMvcAutoConfiguration$EnableWebMvcConfigurationCustomizer> (0x00000000de6be270) thrown at [C:\re\workspace\8-2-build-windows-amd64-cygwin\jdk8u201\12322\
Event: 4.175 Thread 0x000000001a778800 Exception <a 'java/lang/ClassNotFoundException': org/springframework/boot/autoconfigure/web/servlet/WebMvcAutoConfiguration$EnableWebMvcConfiguration$$EnhancerBySpringCGLIB$$859cbdc5Customizer> (0x00000000de6eaf48) thrown at [C:\re\workspace\8-2-build-win
Event: 4.176 Thread 0x000000001a778800 Exception <a 'java/lang/ClassNotFoundException': org/springframework/context/annotation/ConfigurationClassEnhancer$EnhancedConfigurationCustomizer> (0x00000000de725bd8) thrown at [C:\re\workspace\8-2-build-windows-amd64-cygwin\jdk8u201\12322\hotspot\src\s
Event: 4.176 Thread 0x000000001a778800 Exception <a 'java/lang/ClassNotFoundException': org/springframework/beans/factory/BeanFactoryAwareCustomizer> (0x00000000de738b78) thrown at [C:\re\workspace\8-2-build-windows-amd64-cygwin\jdk8u201\12322\hotspot\src\share\vm\classfile\systemDictionary.cp
Event: 4.177 Thread 0x000000001a778800 Exception <a 'java/lang/ClassNotFoundException': org/springframework/beans/factory/AwareCustomizer> (0x00000000de74a818) thrown at [C:\re\workspace\8-2-build-windows-amd64-cygwin\jdk8u201\12322\hotspot\src\share\vm\classfile\systemDictionary.cpp, line 210
Event: 4.177 Thread 0x000000001a778800 Exception <a 'java/lang/ClassNotFoundException': org/springframework/context/ApplicationContextAwareCustomizer> (0x00000000de75da28) thrown at [C:\re\workspace\8-2-build-windows-amd64-cygwin\jdk8u201\12322\hotspot\src\share\vm\classfile\systemDictionary.c
Event: 4.177 Thread 0x000000001a778800 Exception <a 'java/lang/ClassNotFoundException': org/springframework/beans/factory/AwareCustomizer> (0x00000000de76f7f8) thrown at [C:\re\workspace\8-2-build-windows-amd64-cygwin\jdk8u201\12322\hotspot\src\share\vm\classfile\systemDictionary.cpp, line 210
Event: 4.178 Thread 0x000000001a778800 Exception <a 'java/lang/ClassNotFoundException': org/springframework/web/context/ServletContextAwareCustomizer> (0x00000000de7829f0) thrown at [C:\re\workspace\8-2-build-windows-amd64-cygwin\jdk8u201\12322\hotspot\src\share\vm\classfile\systemDictionary.c
Event: 4.178 Thread 0x000000001a778800 Exception <a 'java/lang/ClassNotFoundException': org/springframework/beans/factory/AwareCustomizer> (0x00000000de794200) thrown at [C:\re\workspace\8-2-build-windows-amd64-cygwin\jdk8u201\12322\hotspot\src\share\vm\classfile\systemDictionary.cpp, line 210
Event: 4.255 Thread 0x000000001a778800 Implicit null exception at 0x0000000003703362 to 0x000000000370a5dd

Events (10 events):
Event: 4.447 loading class org/apache/jasper/compiler/JspConfig
Event: 4.447 loading class org/apache/jasper/compiler/JspConfig done
Event: 4.447 loading class org/apache/jasper/compiler$JspConfig
Event: 4.447 loading class org/apache/jasper/compiler$JspConfig done
Event: 4.454 loading class org/springframework/jmx/export/annotation/AnnotationJmxAttributeSource
Event: 4.454 loading class org/springframework/jmx/export/annotation/AnnotationJmxAttributeSource done
Event: 4.455 loading class org/springframework/jmx/export/metadata/InvalidMetadataException
Event: 4.455 loading class org/springframework/jmx/export/metadata/InvalidMetadataException done
Event: 4.455 loading class org/springframework/jmx/JmxException
Event: 4.455 loading class org/springframework/jmx/JmxException done


Dynamic libraries:
0x00007ff6f6230000 - 0x00007ff6f6267000 	C:\Program Files\Java\jre1.8.0_201\bin\javaw.exe
0x00007fff35e50000 - 0x00007fff36031000 	C:\WINDOWS\SYSTEM32\ntdll.dll
0x00007fff335a0000 - 0x00007fff33651000 	C:\WINDOWS\System32\KERNEL32.DLL
0x00007fff32e50000 - 0x00007fff330c3000 	C:\WINDOWS\System32\KERNELBASE.dll
0x00007fff334f0000 - 0x00007fff33591000 	C:\WINDOWS\System32\ADVAPI32.dll
0x00007fff35c80000 - 0x00007fff35d1e000 	C:\WINDOWS\System32\msvcrt.dll
0x00007fff33680000 - 0x00007fff336db000 	C:\WINDOWS\System32\sechost.dll
0x00007fff339a0000 - 0x00007fff33ac4000 	C:\WINDOWS\System32\RPCRT4.dll
0x00007fff336e0000 - 0x00007fff33870000 	C:\WINDOWS\System32\USER32.dll
0x00007fff331c0000 - 0x00007fff331e0000 	C:\WINDOWS\System32\win32u.dll
0x00007fff34320000 - 0x00007fff34348000 	C:\WINDOWS\System32\GDI32.dll
0x00007fff32c30000 - 0x00007fff32dc1000 	C:\WINDOWS\System32\gdi32full.dll
0x00007fff33120000 - 0x00007fff331bf000 	C:\WINDOWS\System32\msvcp_win.dll
0x00007fff331e0000 - 0x00007fff332d8000 	C:\WINDOWS\System32\ucrtbase.dll
0x00007fff25630000 - 0x00007fff25899000 	C:\WINDOWS\WinSxS\amd64_microsoft.windows.common-controls_6595b64144ccf1df_6.0.17134.829_none_fb46a5473061b9d5\COMCTL32.dll
0x00007fff35950000 - 0x00007fff35c72000 	C:\WINDOWS\System32\combase.dll
0x00007fff32dd0000 - 0x00007fff32e4a000 	C:\WINDOWS\System32\bcryptPrimitives.dll
0x00007fff332e0000 - 0x00007fff3330d000 	C:\WINDOWS\System32\IMM32.DLL
0x0000000057970000 - 0x0000000057a41000 	C:\Program Files\Java\jre1.8.0_201\bin\msvcr100.dll
0x00000000570c0000 - 0x0000000057964000 	C:\Program Files\Java\jre1.8.0_201\bin\server\jvm.dll
0x00007fff34350000 - 0x00007fff34358000 	C:\WINDOWS\System32\PSAPI.DLL
0x00007fff2d1b0000 - 0x00007fff2d1d3000 	C:\WINDOWS\SYSTEM32\WINMM.dll
0x00007fff2a8c0000 - 0x00007fff2a8ca000 	C:\WINDOWS\SYSTEM32\VERSION.dll
0x00007fff17630000 - 0x00007fff17639000 	C:\WINDOWS\SYSTEM32\WSOCK32.dll
0x00007fff35db0000 - 0x00007fff35e1c000 	C:\WINDOWS\System32\WS2_32.dll
0x00007fff2d180000 - 0x00007fff2d1aa000 	C:\WINDOWS\SYSTEM32\WINMMBASE.dll
0x00007fff330d0000 - 0x00007fff33119000 	C:\WINDOWS\System32\cfgmgr32.dll
0x00007fff1caf0000 - 0x00007fff1caff000 	C:\Program Files\Java\jre1.8.0_201\bin\verify.dll
0x00007ffefa970000 - 0x00007ffefa999000 	C:\Program Files\Java\jre1.8.0_201\bin\java.dll
0x00007fff19760000 - 0x00007fff19776000 	C:\Program Files\Java\jre1.8.0_201\bin\zip.dll
0x00007fff34410000 - 0x00007fff35850000 	C:\WINDOWS\System32\SHELL32.dll
0x00007fff34360000 - 0x00007fff34409000 	C:\WINDOWS\System32\shcore.dll
0x00007fff32330000 - 0x00007fff32a3d000 	C:\WINDOWS\System32\windows.storage.dll
0x00007fff33310000 - 0x00007fff33361000 	C:\WINDOWS\System32\shlwapi.dll
0x00007fff321e0000 - 0x00007fff321f1000 	C:\WINDOWS\System32\kernel.appcore.dll
0x00007fff32200000 - 0x00007fff3221f000 	C:\WINDOWS\System32\profapi.dll
0x00007fff32160000 - 0x00007fff321ac000 	C:\WINDOWS\System32\powrprof.dll
0x00007fff321b0000 - 0x00007fff321ba000 	C:\WINDOWS\System32\FLTLIB.DLL
0x00007fff27010000 - 0x00007fff2701d000 	C:\Program Files\Java\jre1.8.0_201\bin\management.dll
0x00007ffef96e0000 - 0x00007ffef96fa000 	C:\Program Files\Java\jre1.8.0_201\bin\net.dll
0x00007fff22410000 - 0x00007fff225d9000 	C:\WINDOWS\SYSTEM32\urlmon.dll
0x00007fff235b0000 - 0x00007fff23856000 	C:\WINDOWS\SYSTEM32\iertutil.dll
0x00007fff31bb0000 - 0x00007fff31bbb000 	C:\WINDOWS\SYSTEM32\CRYPTBASE.DLL
0x00007fff319e0000 - 0x00007fff31a46000 	C:\WINDOWS\system32\mswsock.dll
0x00007ffef96c0000 - 0x00007ffef96d6000 	C:\WINDOWS\system32\napinsp.dll
0x00007ffef9630000 - 0x00007ffef964a000 	C:\WINDOWS\system32\pnrpnsp.dll
0x00007fff2eda0000 - 0x00007fff2edb9000 	C:\WINDOWS\system32\NLAapi.dll
0x00007fff317b0000 - 0x00007fff3186e000 	C:\WINDOWS\SYSTEM32\DNSAPI.dll
0x00007fff35850000 - 0x00007fff35858000 	C:\WINDOWS\System32\NSI.dll
0x00007fff31770000 - 0x00007fff317a8000 	C:\WINDOWS\SYSTEM32\IPHLPAPI.DLL
0x00007ffef9620000 - 0x00007ffef962e000 	C:\WINDOWS\System32\winrnr.dll
0x00007fff2c6a0000 - 0x00007fff2c6b5000 	C:\WINDOWS\System32\wshbth.dll
0x00007fff27460000 - 0x00007fff2746a000 	C:\Windows\System32\rasadhlp.dll
0x00007fff27360000 - 0x00007fff273d2000 	C:\WINDOWS\System32\fwpuclnt.dll
0x00007fff31cc0000 - 0x00007fff31ce5000 	C:\WINDOWS\SYSTEM32\bcrypt.dll
0x00007ffef9600000 - 0x00007ffef9611000 	C:\Program Files\Java\jre1.8.0_201\bin\nio.dll
0x00007fff31b90000 - 0x00007fff31ba7000 	C:\WINDOWS\SYSTEM32\CRYPTSP.dll
0x00007fff315d0000 - 0x00007fff31603000 	C:\WINDOWS\system32\rsaenh.dll
0x00007fff32090000 - 0x00007fff320b8000 	C:\WINDOWS\SYSTEM32\USERENV.dll
0x00007fff2a9d0000 - 0x00007fff2a9e6000 	C:\WINDOWS\SYSTEM32\dhcpcsvc6.DLL
0x00007fff2a7a0000 - 0x00007fff2a7ba000 	C:\WINDOWS\SYSTEM32\dhcpcsvc.DLL

VM Arguments:
jvm_args: -Dfile.encoding=UTF-8 
java_command: com.SkyscraperInfo.SkyscraperInfoApplication
java_class_path (initial): D:\NBA Player Stats\NBAStats\target\classes;C:\Users\allen\.m2\repository\org\springframework\boot\spring-boot-starter-data-jpa\2.1.6.RELEASE\spring-boot-starter-data-jpa-2.1.6.RELEASE.jar;C:\Users\allen\.m2\repository\org\springframework\boot\spring-boot-starter-aop\2.1.6.RELEASE\spring-boot-starter-aop-2.1.6.RELEASE.jar;C:\Users\allen\.m2\repository\org\springframework\spring-aop\5.1.8.RELEASE\spring-aop-5.1.8.RELEASE.jar;C:\Users\allen\.m2\repository\org\aspectj\aspectjweaver\1.9.4\aspectjweaver-1.9.4.jar;C:\Users\allen\.m2\repository\org\springframework\boot\spring-boot-starter-jdbc\2.1.6.RELEASE\spring-boot-starter-jdbc-2.1.6.RELEASE.jar;C:\Users\allen\.m2\repository\com\zaxxer\HikariCP\3.2.0\HikariCP-3.2.0.jar;C:\Users\allen\.m2\repository\org\springframework\spring-jdbc\5.1.8.RELEASE\spring-jdbc-5.1.8.RELEASE.jar;C:\Users\allen\.m2\repository\javax\transaction\javax.transaction-api\1.3\javax.transaction-api-1.3.jar;C:\Users\allen\.m2\repository\javax\xml\bind\jaxb-api\2.3.1\jaxb-api-2.3.1.jar;C:\Users\allen\.m2\repository\javax\activation\javax.activation-api\1.2.0\javax.activation-api-1.2.0.jar;C:\Users\allen\.m2\repository\org\hibernate\hibernate-core\5.3.10.Final\hibernate-core-5.3.10.Final.jar;C:\Users\allen\.m2\repository\org\jboss\logging\jboss-logging\3.3.2.Final\jboss-logging-3.3.2.Final.jar;C:\Users\allen\.m2\repository\javax\persistence\javax.persistence-api\2.2\javax.persistence-api-2.2.jar;C:\Users\allen\.m2\repository\org\javassist\javassist\3.23.2-GA\javassist-3.23.2-GA.jar;C:\Users\allen\.m2\repository\net\bytebuddy\byte-buddy\1.9.13\byte-buddy-1.9.13.jar;C:\Users\allen\.m2\repository\antlr\antlr\2.7.7\antlr-2.7.7.jar;C:\Users\allen\.m2\repository\org\jboss\jandex\2.0.5.Final\jandex-2.0.5.Final.jar;C:\Users\allen\.m2\repository\com\fasterxml\classmate\1.4.0\classmate-1.4.0.jar;C:\Users\allen\.m2\repository\org\dom4j\dom4j\2.1.1\dom4j-2.1.1.jar;C:\Users\allen\.m2\repository\org\hibernate\common\hibernate-commons-anno
Launcher Type: SUN_STANDARD

Environment Variables:
PATH=C:/Program Files/Java/jre1.8.0_201/bin/server;C:/Program Files/Java/jre1.8.0_201/bin;C:/Program Files/Java/jre1.8.0_201/lib/amd64;C:\Program Files (x86)\Common Files\Oracle\Java\javapath;C:\Program Files (x86)\Intel\iCLS Client\;C:\Program Files\Intel\iCLS Client\;C:\Windows\system32;C:\Windows;C:\Windows\System32\Wbem;C:\Windows\System32\WindowsPowerShell\v1.0\;C:\Program Files (x86)\NVIDIA Corporation\PhysX\Common;C:\Program Files (x86)\Intel\Intel(R) Management Engine Components\DAL;C:\Program Files\Intel\Intel(R) Management Engine Components\DAL;C:\Program Files (x86)\Intel\Intel(R) Management Engine Components\IPT;C:\Program Files\Intel\Intel(R) Management Engine Components\IPT;C:\Program Files\Intel\WiFi\bin\;C:\Program Files\Common Files\Intel\WirelessCommon\;C:\WINDOWS\system32;C:\WINDOWS;C:\WINDOWS\System32\Wbem;C:\WINDOWS\System32\WindowsPowerShell\v1.0\;C:\Program Files\dotnet\;C:\Program Files\Microsoft SQL Server\130\Tools\Binn\;C:\WINDOWS\System32\OpenSSH\;C:\MinGW\bin;D:\;C:\Opencv\opencv\build\x64\vc15\bin;C:\CMake\bin;C:\Program Files\Java\jdk-11.0.2\bin;D:\Git\cmd;C:\Users\allen\AppData\Local\Microsoft\WindowsApps;D:\Microsoft VS Code\bin;C:\Users\allen\AppData\Roaming\npm;C:\Program Files\Java\jdk-11.0.2\bin;;C:\WINDOWS\system32;
USERNAME=allen
OS=Windows_NT
PROCESSOR_IDENTIFIER=Intel64 Family 6 Model 158 Stepping 9, GenuineIntel



---------------  S Y S T E M  ---------------

OS: Windows 10.0 , 64 bit Build 17134 (10.0.17134.753)

CPU:total 8 (initial active 8) (4 cores per cpu, 2 threads per core) family 6 model 158 stepping 9, cmov, cx8, fxsr, mmx, sse, sse2, sse3, ssse3, sse4.1, sse4.2, popcnt, avx, avx2, aes, clmul, erms, 3dnowpref, lzcnt, ht, tsc, tscinvbit, bmi1, bmi2, adx

Memory: 4k page, physical 8306424k(1525000k free), swap 33472248k(5720k free)

vm_info: Java HotSpot(TM) 64-Bit Server VM (25.201-b09) for windows-amd64 JRE (1.8.0_201-b09), built on Dec 15 2018 18:36:39 by "java_re" with MS VC++ 10.0 (VS2010)

time: Sun Jul 07 14:37:20 2019
timezone: Central America Standard Time
elapsed time: 4 seconds (0d 0h 0m 4s)

